#
# A fatal error has been detected by the Java Runtime Environment:
#
#  SIGSEGV (0xb) at pc=0x00007f53203e86fa, pid=26922, tid=139994058389248
#
# JRE version: OpenJDK Runtime Environment (7.0_75-b13) (build 1.7.0_75-b13)
# Java VM: OpenJDK 64-Bit Server VM (24.75-b04 mixed mode linux-amd64 compressed oops)
# Derivative: IcedTea 2.5.4
# Distribution: Ubuntu 14.04 LTS, package 7u75-2.5.4-1~trusty1
# Problematic frame:
# v  ~BufferBlob::jni_fast_GetLongField
#
# Failed to write core dump. Core dumps have been disabled. To enable core dumping, try "ulimit -c unlimited" before starting Java again
#
# If you would like to submit a bug report, please include
# instructions on how to reproduce the bug and visit:
#   http://icedtea.classpath.org/bugzilla
# The crash happened outside the Java Virtual Machine in native code.
# See problematic frame for where to report the bug.
#

---------------  T H R E A D  ---------------

Current thread (0x00007f5324213800):  JavaThread "AWT-XAWT" daemon [_thread_in_native, id=26941, stack(0x00007f52e80ef000,0x00007f52e81f0000)]

siginfo:si_signo=SIGSEGV: si_errno=0, si_code=1 (SEGV_MAPERR), si_addr=0x0000000000000000

Registers:
RAX=0x00007f5329b8a080, RBX=0x00007f53242139d8, RCX=0x00007f532a001320, RDX=0x0000000000000042
RSP=0x00007f52e81ee7f8, RBP=0x00007f52e81ee820, RSI=0x0000000000000000, RDI=0x00007f53242139d8
R8 =0x0000000000e00003, R9 =0x0000000000000000, R10=0x0000000000000006, R11=0x00007f5329628dd0
R12=0x00007f52c8005540, R13=0x0000000000000000, R14=0x00007f5318daed80, R15=0x00007f5324213800
RIP=0x00007f53203e86fa, EFLAGS=0x0000000000010246, CSGSFS=0xffff000000000033, ERR=0x0000000000000004
  TRAPNO=0x000000000000000e

Top of Stack: (sp=0x00007f52e81ee7f8)
0x00007f52e81ee7f8:   00007f5318b806f4 00000007796222a8
0x00007f52e81ee808:   00007f52c8005540 00000007796222a8
0x00007f52e81ee818:   00007f52e81ee910 0000000000000000
0x00007f52e81ee828:   00007f531865aae8 00000007796222a8
0x00007f52e81ee838:   00007f52e81ee860 0000000000000000
0x00007f52e81ee848:   00007f53186529a3 00000007796222a8
0x00007f52e81ee858:   00007f5318b7520f 00007f52e81ee8d8
0x00007f52e81ee868:   00007f532039fd98 0000000000000000
0x00007f52e81ee878:   00007f52e81ee890 00007f52e81ee8f0
0x00007f52e81ee888:   00007f5320393058 0000000000e00003
0x00007f52e81ee898:   00007f52e81ee898 0000000000000000
0x00007f52e81ee8a8:   00007f52e81ee910 0000000779628430
0x00007f52e81ee8b8:   0000000000000000 00000007796222a8
0x00007f52e81ee8c8:   0000000000000000 00007f52e81ee920
0x00007f52e81ee8d8:   00000000000001f4 00007f53204339a8
0x00007f52e81ee8e8:   00000007d68b57c0 00007f532039bcc0
0x00007f52e81ee8f8:   0000000000000000 0000000000000080
0x00007f52e81ee908:   00007f52d4006dd0 00000000fad1df52
0x00007f52e81ee918:   00007f53204339a8 fad07e1e00000003
0x00007f52e81ee928:   0000000500000000 00000007d68f0490
0x00007f52e81ee938:   0000000000000000 0000000100000001
0x00007f52e81ee948:   0000000700000005 00000007d6946a30
0x00007f52e81ee958:   00007f52d4006dd0 00007f52d4006dd0
0x00007f52e81ee968:   0000000000000000 0000000000000001
0x00007f52e81ee978:   0000000000000000 00007f52e81ee9e0
0x00007f52e81ee988:   00007f5320393058 deaddeaf00000000
0x00007f52e81ee998:   00000007d68f0490 00007f52e81ee9a0
0x00007f52e81ee9a8:   0000000779769465 00007f52e81ee9f0
0x00007f52e81ee9b8:   00000007797764b0 0000000000000000
0x00007f52e81ee9c8:   0000000779769480 00007f52e81ee990
0x00007f52e81ee9d8:   00007f52e81ee9f0 00007f52e81eea38
0x00007f52e81ee9e8:   00007f5320393706 00000007d68f0490 

Instructions: (pc=0x00007f53203e86fa)
0x00007f53203e86da:   00 00 00 00 00 00 44 8b 15 7d c1 7c 09 4c 8b ce
0x00007f53203e86ea:   41 f6 c2 01 0f 85 2e 00 00 00 4d 33 ca 4d 33 ca
0x00007f53203e86fa:   4d 8b 09 4c 8b da 49 c1 eb 02 4b 8b 04 19 49 bb
0x00007f53203e870a:   64 48 bb 29 53 7f 00 00 4c 33 d8 4c 33 d8 45 3b 

Register to memory mapping:

RAX=0x00007f5329b8a080: <offset 0xdbe080> in /usr/lib/jvm/java-7-openjdk-amd64/jre/lib/amd64/server/libjvm.so at 0x00007f5328dcc000
RBX=0x00007f53242139d8 is an unknown value
RCX=0x00007f532a001320: <offset 0x219320> in /lib/x86_64-linux-gnu/libpthread.so.0 at 0x00007f5329de8000
RDX=0x0000000000000042 is an unknown value
RSP=0x00007f52e81ee7f8 is pointing into the stack for thread: 0x00007f5324213800
RBP=0x00007f52e81ee820 is pointing into the stack for thread: 0x00007f5324213800
RSI=0x0000000000000000 is an unknown value
RDI=0x00007f53242139d8 is an unknown value
R8 =0x0000000000e00003 is an unknown value
R9 =0x0000000000000000 is an unknown value
R10=0x0000000000000006 is an unknown value
R11=0x00007f5329628dd0: <offset 0x85cdd0> in /usr/lib/jvm/java-7-openjdk-amd64/jre/lib/amd64/server/libjvm.so at 0x00007f5328dcc000
R12=0x00007f52c8005540 is an unknown value
R13=0x0000000000000000 is an unknown value
R14=0x00007f5318daed80: <offset 0x24ad80> in /usr/lib/jvm/java-7-openjdk-amd64/jre/lib/amd64/xawt/libmawt.so at 0x00007f5318b64000
R15=0x00007f5324213800 is a thread


Stack: [0x00007f52e80ef000,0x00007f52e81f0000],  sp=0x00007f52e81ee7f8,  free space=1021k
Native frames: (J=compiled Java code, j=interpreted, Vv=VM code, C=native code)
v  ~BufferBlob::jni_fast_GetLongField

Java frames: (J=compiled Java code, j=interpreted, Vv=VM code)
j  sun.awt.X11.XlibWrapper.XFilterEvent(JJ)Z+0
J 53% C2 sun.awt.X11.XToolkit.run(Z)V (410 bytes) @ 0x00007f53204339a8 [0x00007f5320432fe0+0x9c8]
j  sun.awt.X11.XToolkit.run()V+5
j  java.lang.Thread.run()V+11
v  ~StubRoutines::call_stub

---------------  P R O C E S S  ---------------

Java Threads: ( => current thread )
  0x00007f532400a000 JavaThread "DestroyJavaVM" [_thread_blocked, id=26926, stack(0x00007f532a8d4000,0x00007f532a9d5000)]
  0x00007f52d400a800 JavaThread "AWT-EventQueue-1" [_thread_blocked, id=26947, stack(0x00007f52e27ff000,0x00007f52e2900000)]
  0x00007f5324229800 JavaThread "AWT-EventQueue-0" [_thread_blocked, id=26945, stack(0x00007f52e2e68000,0x00007f52e2f69000)]
  0x00007f5324226000 JavaThread "AWT-Shutdown" [_thread_blocked, id=26944, stack(0x00007f52e2f69000,0x00007f52e306a000)]
  0x00007f532421d800 JavaThread "thread applet-bulletmaster.GameApplet.class" [_thread_blocked, id=26943, stack(0x00007f52e306a000,0x00007f52e316b000)]
=>0x00007f5324213800 JavaThread "AWT-XAWT" daemon [_thread_in_native, id=26941, stack(0x00007f52e80ef000,0x00007f52e81f0000)]
  0x00007f53241ee800 JavaThread "Java2D Disposer" daemon [_thread_blocked, id=26940, stack(0x00007f53180b7000,0x00007f53181b8000)]
  0x00007f53240b0800 JavaThread "Service Thread" daemon [_thread_blocked, id=26938, stack(0x00007f5319182000,0x00007f5319283000)]
  0x00007f53240ae000 JavaThread "C2 CompilerThread1" daemon [_thread_blocked, id=26937, stack(0x00007f5319283000,0x00007f5319384000)]
  0x00007f53240ab000 JavaThread "C2 CompilerThread0" daemon [_thread_blocked, id=26936, stack(0x00007f5319384000,0x00007f5319485000)]
  0x00007f53240a9000 JavaThread "Signal Dispatcher" daemon [_thread_blocked, id=26935, stack(0x00007f5319485000,0x00007f5319586000)]
  0x00007f532407c000 JavaThread "Finalizer" daemon [_thread_blocked, id=26934, stack(0x00007f5319c68000,0x00007f5319d69000)]
  0x00007f532407a000 JavaThread "Reference Handler" daemon [_thread_blocked, id=26933, stack(0x00007f5319d69000,0x00007f5319e6a000)]

Other Threads:
  0x00007f5324075800 VMThread [stack: 0x00007f5319e6a000,0x00007f5319f6b000] [id=26932]
  0x00007f53240bb000 WatcherThread [stack: 0x00007f5319081000,0x00007f5319182000] [id=26939]

VM state:not at safepoint (normal execution)

VM Mutex/Monitor currently owned by a thread: None

Heap
 PSYoungGen      total 37376K, used 13480K [0x00000007d6800000, 0x00000007d9180000, 0x0000000800000000)
  eden space 32256K, 41% used [0x00000007d6800000,0x00000007d752a280,0x00000007d8780000)
  from space 5120K, 0% used [0x00000007d8c80000,0x00000007d8c80000,0x00000007d9180000)
  to   space 5120K, 0% used [0x00000007d8780000,0x00000007d8780000,0x00000007d8c80000)
 ParOldGen       total 84992K, used 0K [0x0000000783800000, 0x0000000788b00000, 0x00000007d6800000)
  object space 84992K, 0% used [0x0000000783800000,0x0000000783800000,0x0000000788b00000)
 PSPermGen       total 21504K, used 10235K [0x0000000779200000, 0x000000077a700000, 0x0000000783800000)
  object space 21504K, 47% used [0x0000000779200000,0x0000000779bfec20,0x000000077a700000)

Card table byte_map: [0x00007f531ff55000,0x00007f532038d000] byte_map_base: 0x00007f531c38c000

Polling page: 0x00007f532a9fd000

Code Cache  [0x00007f532038d000, 0x00007f53205fd000, 0x00007f532338d000)
 total_blobs=479 nmethods=55 adapters=378 free_code_cache=48501Kb largest_free_block=49613504

Compilation events (10 events):
Event: 4936.264 Thread 0x00007f53240ae000   50             sun.util.logging.PlatformLogger::finest (12 bytes)
Event: 4936.265 Thread 0x00007f53240ae000 nmethod 50 0x00007f5320421310 code [0x00007f5320421480, 0x00007f5320421638]
Event: 5934.249 Thread 0x00007f53240ae000   51             java.util.TreeMap::getEntry (84 bytes)
Event: 5934.252 Thread 0x00007f53240ae000 nmethod 51 0x00007f532041e590 code [0x00007f532041e6e0, 0x00007f532041e858]
Event: 6573.450 Thread 0x00007f53240ab000   52 % !         sun.awt.X11.XToolkit::run @ 59 (410 bytes)
Event: 6573.492 Thread 0x00007f53240ab000 nmethod 52% 0x00007f5320425f10 code [0x00007f5320426700, 0x00007f5320429520]
Event: 7522.708 Thread 0x00007f53240ae000   53 % !         sun.awt.X11.XToolkit::run @ 59 (410 bytes)
Event: 7522.766 Thread 0x00007f53240ae000 nmethod 53% 0x00007f5320432690 code [0x00007f5320432fe0, 0x00007f53204368d8]
Event: 9206.610 Thread 0x00007f53240ab000   55             sun.awt.X11.Native::getLong (25 bytes)
Event: 9206.610 Thread 0x00007f53240ab000 nmethod 55 0x00007f532041fb90 code [0x00007f532041fce0, 0x00007f532041fd78]

GC Heap History (0 events):
No events

Deoptimization events (9 events):
Event: 0.229 Thread 0x00007f5324229800 Uncommon trap: reason=class_check action=maybe_recompile pc=0x00007f53203f2ce4 method=java.util.Properties$LineReader.readLine()I @ 62
Event: 0.229 Thread 0x00007f5324229800 Uncommon trap: reason=class_check action=maybe_recompile pc=0x00007f53203f2d08 method=java.util.Properties$LineReader.readLine()I @ 402
Event: 0.229 Thread 0x00007f5324229800 Uncommon trap: reason=class_check action=maybe_recompile pc=0x00007f53203f2ce4 method=java.util.Properties$LineReader.readLine()I @ 62
Event: 0.230 Thread 0x00007f5324229800 Uncommon trap: reason=class_check action=maybe_recompile pc=0x00007f53203f2ce4 method=java.util.Properties$LineReader.readLine()I @ 62
Event: 6717.127 Thread 0x00007f52d400a800 Uncommon trap: reason=unreached action=reinterpret pc=0x00007f53204195f4 method=java.util.concurrent.locks.AbstractQueuedSynchronizer.release(I)Z @ 14
Event: 6717.128 Thread 0x00007f52d400a800 Uncommon trap: reason=unreached action=reinterpret pc=0x00007f53204199a4 method=java.util.concurrent.locks.AbstractQueuedSynchronizer.release(I)Z @ 14
Event: 7108.977 Thread 0x00007f5324213800 Uncommon trap: reason=null_check action=make_not_entrant pc=0x00007f5320428ca0 method=sun.awt.X11.XToolkit.dispatchEvent(Lsun/awt/X11/XEvent;)V @ 99
Event: 9647.138 Thread 0x00007f52d400a800 Uncommon trap: reason=unreached action=reinterpret pc=0x00007f5320417494 method=java.util.concurrent.locks.ReentrantLock$Sync.nonfairTryAcquire(I)Z @ 34
Event: 9647.138 Thread 0x00007f5324229800 Uncommon trap: reason=unreached action=reinterpret pc=0x00007f5320417ae8 method=java.util.concurrent.locks.ReentrantLock$Sync.nonfairTryAcquire(I)Z @ 34

Internal exceptions (10 events):
Event: 0.337 Thread 0x00007f52d8008800 Threw 0x00000007d71602d0 at /build/buildd/openjdk-7-7u75-2.5.4/build/openjdk/hotspot/src/share/vm/prims/jvm.cpp:1284
Event: 0.338 Thread 0x00007f52d8008800 Threw 0x00000007d7164470 at /build/buildd/openjdk-7-7u75-2.5.4/build/openjdk/hotspot/src/share/vm/prims/jvm.cpp:1284
Event: 0.338 Thread 0x00007f52d8008800 Threw 0x00000007d7168d40 at /build/buildd/openjdk-7-7u75-2.5.4/build/openjdk/hotspot/src/share/vm/prims/jvm.cpp:1284
Event: 0.339 Thread 0x00007f52d8008800 Threw 0x00000007d716d378 at /build/buildd/openjdk-7-7u75-2.5.4/build/openjdk/hotspot/src/share/vm/prims/jvm.cpp:1284
Event: 0.339 Thread 0x00007f52d8008800 Threw 0x00000007d7171238 at /build/buildd/openjdk-7-7u75-2.5.4/build/openjdk/hotspot/src/share/vm/prims/jvm.cpp:1284
Event: 0.340 Thread 0x00007f52d8008800 Threw 0x00000007d734ddd8 at /build/buildd/openjdk-7-7u75-2.5.4/build/openjdk/hotspot/src/share/vm/prims/jvm.cpp:1284
Event: 0.340 Thread 0x00007f52d8008800 Threw 0x00000007d7353f08 at /build/buildd/openjdk-7-7u75-2.5.4/build/openjdk/hotspot/src/share/vm/prims/jvm.cpp:1284
Event: 6717.127 Thread 0x00007f52d400a800 Implicit null exception at 0x00007f532041958e to 0x00007f53204195e5
Event: 6717.128 Thread 0x00007f52d400a800 Implicit null exception at 0x00007f5320419947 to 0x00007f5320419996
Event: 7108.977 Thread 0x00007f5324213800 Implicit null exception at 0x00007f532042743f to 0x00007f5320428c95

Events (10 events):
Event: 9647.138 Thread 0x00007f52d400a800 Uncommon trap: trap_request=0xffffffad fr.pc=0x00007f5320417494
Event: 9647.138 Thread 0x00007f52d400a800 DEOPT PACKING pc=0x00007f5320417494 sp=0x00007f52e28fcc40
Event: 9647.138 Thread 0x00007f52d400a800 DEOPT UNPACKING pc=0x00007f53203c6445 sp=0x00007f52e28fca28 mode 2
Event: 9647.138 Thread 0x00007f5324229800 Uncommon trap: trap_request=0xffffffad fr.pc=0x00007f5320417ae8
Event: 9647.138 Thread 0x00007f5324229800 DEOPT PACKING pc=0x00007f5320417ae8 sp=0x00007f52e2f65ad0
Event: 9647.138 Thread 0x00007f5324229800 DEOPT UNPACKING pc=0x00007f53203c6445 sp=0x00007f52e2f65910 mode 2
Event: 9647.636 loading class 0x00007f5324194210
Event: 9647.668 loading class 0x00007f5324194210 done
Event: 9647.668 loading class 0x00007f5324195410
Event: 9647.670 loading class 0x00007f5324195410 done


Dynamic libraries:
00400000-00401000 r-xp 00000000 08:07 1335863                            /usr/lib/jvm/java-7-openjdk-amd64/jre/bin/java
00600000-00601000 r--p 00000000 08:07 1335863                            /usr/lib/jvm/java-7-openjdk-amd64/jre/bin/java
00601000-00602000 rw-p 00001000 08:07 1335863                            /usr/lib/jvm/java-7-openjdk-amd64/jre/bin/java
00ffd000-0101e000 rw-p 00000000 00:00 0                                  [heap]
779200000-77a700000 rw-p 00000000 00:00 0 
77a700000-783800000 rw-p 00000000 00:00 0 
783800000-788b00000 rw-p 00000000 00:00 0 
788b00000-7d6800000 rw-p 00000000 00:00 0 
7d6800000-7d9180000 rw-p 00000000 00:00 0 
7d9180000-800000000 rw-p 00000000 00:00 0 
7f52c4000000-7f52c4030000 rw-p 00000000 00:00 0 
7f52c4030000-7f52c8000000 ---p 00000000 00:00 0 
7f52c8000000-7f52c8021000 rw-p 00000000 00:00 0 
7f52c8021000-7f52cc000000 ---p 00000000 00:00 0 
7f52cc000000-7f52cc021000 rw-p 00000000 00:00 0 
7f52cc021000-7f52d0000000 ---p 00000000 00:00 0 
7f52d0000000-7f52d0059000 rw-p 00000000 00:00 0 
7f52d0059000-7f52d4000000 ---p 00000000 00:00 0 
7f52d4000000-7f52d4024000 rw-p 00000000 00:00 0 
7f52d4024000-7f52d8000000 ---p 00000000 00:00 0 
7f52d8000000-7f52d8021000 rw-p 00000000 00:00 0 
7f52d8021000-7f52dc000000 ---p 00000000 00:00 0 
7f52dc000000-7f52dc021000 rw-p 00000000 00:00 0 
7f52dc021000-7f52e0000000 ---p 00000000 00:00 0 
7f52e27ff000-7f52e2802000 ---p 00000000 00:00 0 
7f52e2802000-7f52e2900000 rw-p 00000000 00:00 0                          [stack:26947]
7f52e2900000-7f52e2903000 ---p 00000000 00:00 0 
7f52e2903000-7f52e2a01000 rw-p 00000000 00:00 0 
7f52e2a01000-7f52e2a11000 r-xp 00000000 08:07 1335832                    /usr/lib/jvm/java-7-openjdk-amd64/jre/lib/amd64/libnio.so
7f52e2a11000-7f52e2c11000 ---p 00010000 08:07 1335832                    /usr/lib/jvm/java-7-openjdk-amd64/jre/lib/amd64/libnio.so
7f52e2c11000-7f52e2c12000 r--p 00010000 08:07 1335832                    /usr/lib/jvm/java-7-openjdk-amd64/jre/lib/amd64/libnio.so
7f52e2c12000-7f52e2c13000 rw-p 00011000 08:07 1335832                    /usr/lib/jvm/java-7-openjdk-amd64/jre/lib/amd64/libnio.so
7f52e2c13000-7f52e2c64000 r-xp 00000000 08:07 1335842                    /usr/lib/jvm/java-7-openjdk-amd64/jre/lib/amd64/libfontmanager.so
7f52e2c64000-7f52e2e64000 ---p 00051000 08:07 1335842                    /usr/lib/jvm/java-7-openjdk-amd64/jre/lib/amd64/libfontmanager.so
7f52e2e64000-7f52e2e67000 r--p 00051000 08:07 1335842                    /usr/lib/jvm/java-7-openjdk-amd64/jre/lib/amd64/libfontmanager.so
7f52e2e67000-7f52e2e68000 rw-p 00054000 08:07 1335842                    /usr/lib/jvm/java-7-openjdk-amd64/jre/lib/amd64/libfontmanager.so
7f52e2e68000-7f52e2e6b000 ---p 00000000 00:00 0 
7f52e2e6b000-7f52e2f69000 rw-p 00000000 00:00 0                          [stack:26945]
7f52e2f69000-7f52e2f6c000 ---p 00000000 00:00 0 
7f52e2f6c000-7f52e306a000 rw-p 00000000 00:00 0                          [stack:26944]
7f52e306a000-7f52e306d000 ---p 00000000 00:00 0 
7f52e306d000-7f52e316b000 rw-p 00000000 00:00 0                          [stack:26943]
7f52e316b000-7f52e3170000 r-xp 00000000 08:07 1316137                    /usr/lib/x86_64-linux-gnu/libXfixes.so.3.1.0
7f52e3170000-7f52e336f000 ---p 00005000 08:07 1316137                    /usr/lib/x86_64-linux-gnu/libXfixes.so.3.1.0
7f52e336f000-7f52e3370000 r--p 00004000 08:07 1316137                    /usr/lib/x86_64-linux-gnu/libXfixes.so.3.1.0
7f52e3370000-7f52e3371000 rw-p 00005000 08:07 1316137                    /usr/lib/x86_64-linux-gnu/libXfixes.so.3.1.0
7f52e3371000-7f52e337a000 r-xp 00000000 08:07 1316129                    /usr/lib/x86_64-linux-gnu/libXcursor.so.1.0.2
7f52e337a000-7f52e3579000 ---p 00009000 08:07 1316129                    /usr/lib/x86_64-linux-gnu/libXcursor.so.1.0.2
7f52e3579000-7f52e357a000 r--p 00008000 08:07 1316129                    /usr/lib/x86_64-linux-gnu/libXcursor.so.1.0.2
7f52e357a000-7f52e357b000 rw-p 00009000 08:07 1316129                    /usr/lib/x86_64-linux-gnu/libXcursor.so.1.0.2
7f52e357b000-7f52e3592000 r-xp 00000000 08:07 1335836                    /usr/lib/jvm/java-7-openjdk-amd64/jre/lib/amd64/libnet.so
7f52e3592000-7f52e3791000 ---p 00017000 08:07 1335836                    /usr/lib/jvm/java-7-openjdk-amd64/jre/lib/amd64/libnet.so
7f52e3791000-7f52e3792000 r--p 00016000 08:07 1335836                    /usr/lib/jvm/java-7-openjdk-amd64/jre/lib/amd64/libnet.so
7f52e3792000-7f52e3793000 rw-p 00017000 08:07 1335836                    /usr/lib/jvm/java-7-openjdk-amd64/jre/lib/amd64/libnet.so
7f52e3793000-7f52e3797000 r-xp 00000000 08:07 1052456                    /lib/x86_64-linux-gnu/libgpg-error.so.0.10.0
7f52e3797000-7f52e3996000 ---p 00004000 08:07 1052456                    /lib/x86_64-linux-gnu/libgpg-error.so.0.10.0
7f52e3996000-7f52e3997000 r--p 00003000 08:07 1052456                    /lib/x86_64-linux-gnu/libgpg-error.so.0.10.0
7f52e3997000-7f52e3998000 rw-p 00004000 08:07 1052456                    /lib/x86_64-linux-gnu/libgpg-error.so.0.10.0
7f52e3998000-7f52e399a000 r-xp 00000000 08:07 1052466                    /lib/x86_64-linux-gnu/libkeyutils.so.1.4
7f52e399a000-7f52e3b9a000 ---p 00002000 08:07 1052466                    /lib/x86_64-linux-gnu/libkeyutils.so.1.4
7f52e3b9a000-7f52e3b9b000 r--p 00002000 08:07 1052466                    /lib/x86_64-linux-gnu/libkeyutils.so.1.4
7f52e3b9b000-7f52e3b9c000 rw-p 00003000 08:07 1052466                    /lib/x86_64-linux-gnu/libkeyutils.so.1.4
7f52e3b9c000-7f52e3bd9000 r-xp 00000000 08:07 1052526                    /lib/x86_64-linux-gnu/libpcre.so.3.13.1
7f52e3bd9000-7f52e3dd8000 ---p 0003d000 08:07 1052526                    /lib/x86_64-linux-gnu/libpcre.so.3.13.1
7f52e3dd8000-7f52e3dd9000 r--p 0003c000 08:07 1052526                    /lib/x86_64-linux-gnu/libpcre.so.3.13.1
7f52e3dd9000-7f52e3dda000 rw-p 0003d000 08:07 1052526                    /lib/x86_64-linux-gnu/libpcre.so.3.13.1
7f52e3dda000-7f52e3dff000 r-xp 00000000 08:07 1052538                    /lib/x86_64-linux-gnu/libpng12.so.0.50.0
7f52e3dff000-7f52e3ffe000 ---p 00025000 08:07 1052538                    /lib/x86_64-linux-gnu/libpng12.so.0.50.0
7f52e3ffe000-7f52e3fff000 r--p 00024000 08:07 1052538                    /lib/x86_64-linux-gnu/libpng12.so.0.50.0
7f52e3fff000-7f52e4000000 rw-p 00025000 08:07 1052538                    /lib/x86_64-linux-gnu/libpng12.so.0.50.0
7f52e4000000-7f52e4021000 rw-p 00000000 00:00 0 
7f52e4021000-7f52e8000000 ---p 00000000 00:00 0 
7f52e80ef000-7f52e80f2000 ---p 00000000 00:00 0 
7f52e80f2000-7f52e81f0000 rw-p 00000000 00:00 0                          [stack:26941]
7f52e81f0000-7f52e8234000 r-xp 00000000 08:07 1052721                    /lib/x86_64-linux-gnu/libdbus-1.so.3.7.6
7f52e8234000-7f52e8433000 ---p 00044000 08:07 1052721                    /lib/x86_64-linux-gnu/libdbus-1.so.3.7.6
7f52e8433000-7f52e8434000 r--p 00043000 08:07 1052721                    /lib/x86_64-linux-gnu/libdbus-1.so.3.7.6
7f52e8434000-7f52e8435000 rw-p 00044000 08:07 1052721                    /lib/x86_64-linux-gnu/libdbus-1.so.3.7.6
7f52e8435000-7f52e8470000 r-xp 00000000 08:07 1316849                    /usr/lib/x86_64-linux-gnu/libp11-kit.so.0.0.0
7f52e8470000-7f52e866f000 ---p 0003b000 08:07 1316849                    /usr/lib/x86_64-linux-gnu/libp11-kit.so.0.0.0
7f52e866f000-7f52e8675000 r--p 0003a000 08:07 1316849                    /usr/lib/x86_64-linux-gnu/libp11-kit.so.0.0.0
7f52e8675000-7f52e8677000 rw-p 00040000 08:07 1316849                    /usr/lib/x86_64-linux-gnu/libp11-kit.so.0.0.0
7f52e8677000-7f52e8689000 r-xp 00000000 08:07 1317034                    /usr/lib/x86_64-linux-gnu/libtasn1.so.6.2.0
7f52e8689000-7f52e8889000 ---p 00012000 08:07 1317034                    /usr/lib/x86_64-linux-gnu/libtasn1.so.6.2.0
7f52e8889000-7f52e888a000 r--p 00012000 08:07 1317034                    /usr/lib/x86_64-linux-gnu/libtasn1.so.6.2.0
7f52e888a000-7f52e888b000 rw-p 00013000 08:07 1317034                    /usr/lib/x86_64-linux-gnu/libtasn1.so.6.2.0
7f52e888b000-7f52e8907000 r-xp 00000000 08:07 1052718                    /lib/x86_64-linux-gnu/libgcrypt.so.11.8.2
7f52e8907000-7f52e8b06000 ---p 0007c000 08:07 1052718                    /lib/x86_64-linux-gnu/libgcrypt.so.11.8.2
7f52e8b06000-7f52e8b07000 r--p 0007b000 08:07 1052718                    /lib/x86_64-linux-gnu/libgcrypt.so.11.8.2
7f52e8b07000-7f52e8b0a000 rw-p 0007c000 08:07 1052718                    /lib/x86_64-linux-gnu/libgcrypt.so.11.8.2
7f52e8b0a000-7f52e8b14000 r-xp 00000000 08:07 1310499                    /usr/lib/x86_64-linux-gnu/libkrb5support.so.0.1
7f52e8b14000-7f52e8d13000 ---p 0000a000 08:07 1310499                    /usr/lib/x86_64-linux-gnu/libkrb5support.so.0.1
7f52e8d13000-7f52e8d14000 r--p 00009000 08:07 1310499                    /usr/lib/x86_64-linux-gnu/libkrb5support.so.0.1
7f52e8d14000-7f52e8d15000 rw-p 0000a000 08:07 1310499                    /usr/lib/x86_64-linux-gnu/libkrb5support.so.0.1
7f52e8d15000-7f52e8d18000 r-xp 00000000 08:07 1052432                    /lib/x86_64-linux-gnu/libcom_err.so.2.1
7f52e8d18000-7f52e8f17000 ---p 00003000 08:07 1052432                    /lib/x86_64-linux-gnu/libcom_err.so.2.1
7f52e8f17000-7f52e8f18000 r--p 00002000 08:07 1052432                    /lib/x86_64-linux-gnu/libcom_err.so.2.1
7f52e8f18000-7f52e8f19000 rw-p 00003000 08:07 1052432                    /lib/x86_64-linux-gnu/libcom_err.so.2.1
7f52e8f19000-7f52e8f45000 r-xp 00000000 08:07 1310493                    /usr/lib/x86_64-linux-gnu/libk5crypto.so.3.1
7f52e8f45000-7f52e9144000 ---p 0002c000 08:07 1310493                    /usr/lib/x86_64-linux-gnu/libk5crypto.so.3.1
7f52e9144000-7f52e9146000 r--p 0002b000 08:07 1310493                    /usr/lib/x86_64-linux-gnu/libk5crypto.so.3.1
7f52e9146000-7f52e9147000 rw-p 0002d000 08:07 1310493                    /usr/lib/x86_64-linux-gnu/libk5crypto.so.3.1
7f52e9147000-7f52e9148000 rw-p 00000000 00:00 0 
7f52e9148000-7f52e9204000 r-xp 00000000 08:07 1310497                    /usr/lib/x86_64-linux-gnu/libkrb5.so.3.3
7f52e9204000-7f52e9404000 ---p 000bc000 08:07 1310497                    /usr/lib/x86_64-linux-gnu/libkrb5.so.3.3
7f52e9404000-7f52e9411000 r--p 000bc000 08:07 1310497                    /usr/lib/x86_64-linux-gnu/libkrb5.so.3.3
7f52e9411000-7f52e9413000 rw-p 000c9000 08:07 1310497                    /usr/lib/x86_64-linux-gnu/libkrb5.so.3.3
7f52e9413000-7f52e9418000 r-xp 00000000 08:07 1316133                    /usr/lib/x86_64-linux-gnu/libXdmcp.so.6.0.0
7f52e9418000-7f52e9617000 ---p 00005000 08:07 1316133                    /usr/lib/x86_64-linux-gnu/libXdmcp.so.6.0.0
7f52e9617000-7f52e9618000 r--p 00004000 08:07 1316133                    /usr/lib/x86_64-linux-gnu/libXdmcp.so.6.0.0
7f52e9618000-7f52e9619000 rw-p 00005000 08:07 1316133                    /usr/lib/x86_64-linux-gnu/libXdmcp.so.6.0.0
7f52e9619000-7f52e961b000 r-xp 00000000 08:07 1316122                    /usr/lib/x86_64-linux-gnu/libXau.so.6.0.0
7f52e961b000-7f52e981b000 ---p 00002000 08:07 1316122                    /usr/lib/x86_64-linux-gnu/libXau.so.6.0.0
7f52e981b000-7f52e981c000 r--p 00002000 08:07 1316122                    /usr/lib/x86_64-linux-gnu/libXau.so.6.0.0
7f52e981c000-7f52e981d000 rw-p 00003000 08:07 1316122                    /usr/lib/x86_64-linux-gnu/libXau.so.6.0.0
7f52e981d000-7f52e9824000 r-xp 00000000 08:07 1316400                    /usr/lib/x86_64-linux-gnu/libffi.so.6.0.1
7f52e9824000-7f52e9a23000 ---p 00007000 08:07 1316400                    /usr/lib/x86_64-linux-gnu/libffi.so.6.0.1
7f52e9a23000-7f52e9a24000 r--p 00006000 08:07 1316400                    /usr/lib/x86_64-linux-gnu/libffi.so.6.0.1
7f52e9a24000-7f52e9a25000 rw-p 00007000 08:07 1316400                    /usr/lib/x86_64-linux-gnu/libffi.so.6.0.1
7f52e9a25000-7f52e9a3c000 r-xp 00000000 08:07 1046538                    /lib/x86_64-linux-gnu/libresolv-2.19.so
7f52e9a3c000-7f52e9c3c000 ---p 00017000 08:07 1046538                    /lib/x86_64-linux-gnu/libresolv-2.19.so
7f52e9c3c000-7f52e9c3d000 r--p 00017000 08:07 1046538                    /lib/x86_64-linux-gnu/libresolv-2.19.so
7f52e9c3d000-7f52e9c3e000 rw-p 00018000 08:07 1046538                    /lib/x86_64-linux-gnu/libresolv-2.19.so
7f52e9c3e000-7f52e9c40000 rw-p 00000000 00:00 0 
7f52e9c40000-7f52e9c60000 r-xp 00000000 08:07 1052553                    /lib/x86_64-linux-gnu/libselinux.so.1
7f52e9c60000-7f52e9e5f000 ---p 00020000 08:07 1052553                    /lib/x86_64-linux-gnu/libselinux.so.1
7f52e9e5f000-7f52e9e60000 r--p 0001f000 08:07 1052553                    /lib/x86_64-linux-gnu/libselinux.so.1
7f52e9e60000-7f52e9e61000 rw-p 00020000 08:07 1052553                    /lib/x86_64-linux-gnu/libselinux.so.1
7f52e9e61000-7f52e9e63000 rw-p 00000000 00:00 0 
7f52e9e63000-7f52e9f69000 r-xp 00000000 08:07 1052291                    /lib/x86_64-linux-gnu/libglib-2.0.so.0.4002.0
7f52e9f69000-7f52ea168000 ---p 00106000 08:07 1052291                    /lib/x86_64-linux-gnu/libglib-2.0.so.0.4002.0
7f52ea168000-7f52ea169000 r--p 00105000 08:07 1052291                    /lib/x86_64-linux-gnu/libglib-2.0.so.0.4002.0
7f52ea169000-7f52ea16a000 rw-p 00106000 08:07 1052291                    /lib/x86_64-linux-gnu/libglib-2.0.so.0.4002.0
7f52ea16a000-7f52ea16b000 rw-p 00000000 00:00 0 
7f52ea16b000-7f52ea16e000 r-xp 00000000 08:07 1308524                    /usr/lib/x86_64-linux-gnu/libgmodule-2.0.so.0.4002.0
7f52ea16e000-7f52ea36d000 ---p 00003000 08:07 1308524                    /usr/lib/x86_64-linux-gnu/libgmodule-2.0.so.0.4002.0
7f52ea36d000-7f52ea36e000 r--p 00002000 08:07 1308524                    /usr/lib/x86_64-linux-gnu/libgmodule-2.0.so.0.4002.0
7f52ea36e000-7f52ea36f000 rw-p 00003000 08:07 1308524                    /usr/lib/x86_64-linux-gnu/libgmodule-2.0.so.0.4002.0
7f52ea36f000-7f52ea396000 r-xp 00000000 08:07 1052445                    /lib/x86_64-linux-gnu/libexpat.so.1.6.0
7f52ea396000-7f52ea596000 ---p 00027000 08:07 1052445                    /lib/x86_64-linux-gnu/libexpat.so.1.6.0
7f52ea596000-7f52ea598000 r--p 00027000 08:07 1052445                    /lib/x86_64-linux-gnu/libexpat.so.1.6.0
7f52ea598000-7f52ea599000 rw-p 00029000 08:07 1052445                    /lib/x86_64-linux-gnu/libexpat.so.1.6.0
7f52ea599000-7f52ea636000 r-xp 00000000 08:07 1316442                    /usr/lib/x86_64-linux-gnu/libfreetype.so.6.11.1
7f52ea636000-7f52ea835000 ---p 0009d000 08:07 1316442                    /usr/lib/x86_64-linux-gnu/libfreetype.so.6.11.1
7f52ea835000-7f52ea83b000 r--p 0009c000 08:07 1316442                    /usr/lib/x86_64-linux-gnu/libfreetype.so.6.11.1
7f52ea83b000-7f52ea83c000 rw-p 000a2000 08:07 1316442                    /usr/lib/x86_64-linux-gnu/libfreetype.so.6.11.1
7f52ea83c000-7f52ea84b000 r-xp 00000000 08:07 1316226                    /usr/lib/x86_64-linux-gnu/libavahi-client.so.3.2.9
7f52ea84b000-7f52eaa4b000 ---p 0000f000 08:07 1316226                    /usr/lib/x86_64-linux-gnu/libavahi-client.so.3.2.9
7f52eaa4b000-7f52eaa4c000 r--p 0000f000 08:07 1316226                    /usr/lib/x86_64-linux-gnu/libavahi-client.so.3.2.9
7f52eaa4c000-7f52eaa4d000 rw-p 00010000 08:07 1316226                    /usr/lib/x86_64-linux-gnu/libavahi-client.so.3.2.9
7f52eaa4d000-7f52eaa58000 r-xp 00000000 08:07 1316228                    /usr/lib/x86_64-linux-gnu/libavahi-common.so.3.5.3
7f52eaa58000-7f52eac57000 ---p 0000b000 08:07 1316228                    /usr/lib/x86_64-linux-gnu/libavahi-common.so.3.5.3
7f52eac57000-7f52eac58000 r--p 0000a000 08:07 1316228                    /usr/lib/x86_64-linux-gnu/libavahi-common.so.3.5.3
7f52eac58000-7f52eac59000 rw-p 0000b000 08:07 1316228                    /usr/lib/x86_64-linux-gnu/libavahi-common.so.3.5.3
7f52eac59000-7f52ead0f000 r-xp 00000000 08:07 1316529                    /usr/lib/x86_64-linux-gnu/libgnutls.so.26.22.6
7f52ead0f000-7f52eaf0f000 ---p 000b6000 08:07 1316529                    /usr/lib/x86_64-linux-gnu/libgnutls.so.26.22.6
7f52eaf0f000-7f52eaf15000 r--p 000b6000 08:07 1316529                    /usr/lib/x86_64-linux-gnu/libgnutls.so.26.22.6
7f52eaf15000-7f52eaf16000 rw-p 000bc000 08:07 1316529                    /usr/lib/x86_64-linux-gnu/libgnutls.so.26.22.6
7f52eaf16000-7f52eaf17000 rw-p 00000000 00:00 0 
7f52eaf17000-7f52eaf5a000 r-xp 00000000 08:07 1310495                    /usr/lib/x86_64-linux-gnu/libgssapi_krb5.so.2.2
7f52eaf5a000-7f52eb15a000 ---p 00043000 08:07 1310495                    /usr/lib/x86_64-linux-gnu/libgssapi_krb5.so.2.2
7f52eb15a000-7f52eb15b000 r--p 00043000 08:07 1310495                    /usr/lib/x86_64-linux-gnu/libgssapi_krb5.so.2.2
7f52eb15b000-7f52eb15d000 rw-p 00044000 08:07 1310495                    /usr/lib/x86_64-linux-gnu/libgssapi_krb5.so.2.2
7f52eb15d000-7f52eb17a000 r-xp 00000000 08:07 1317192                    /usr/lib/x86_64-linux-gnu/libxcb.so.1.1.0
7f52eb17a000-7f52eb37a000 ---p 0001d000 08:07 1317192                    /usr/lib/x86_64-linux-gnu/libxcb.so.1.1.0
7f52eb37a000-7f52eb37b000 r--p 0001d000 08:07 1317192                    /usr/lib/x86_64-linux-gnu/libxcb.so.1.1.0
7f52eb37b000-7f52eb37c000 rw-p 0001e000 08:07 1317192                    /usr/lib/x86_64-linux-gnu/libxcb.so.1.1.0
7f52eb37c000-7f52eb3cb000 r-xp 00000000 08:07 1308542                    /usr/lib/x86_64-linux-gnu/libgobject-2.0.so.0.4002.0
7f52eb3cb000-7f52eb5cb000 ---p 0004f000 08:07 1308542                    /usr/lib/x86_64-linux-gnu/libgobject-2.0.so.0.4002.0
7f52eb5cb000-7f52eb5cc000 r--p 0004f000 08:07 1308542                    /usr/lib/x86_64-linux-gnu/libgobject-2.0.so.0.4002.0
7f52eb5cc000-7f52eb5cd000 rw-p 00050000 08:07 1308542                    /usr/lib/x86_64-linux-gnu/libgobject-2.0.so.0.4002.0
7f52eb5cd000-7f52eb739000 r-xp 00000000 08:07 1308546                    /usr/lib/x86_64-linux-gnu/libgio-2.0.so.0.4002.0
7f52eb739000-7f52eb938000 ---p 0016c000 08:07 1308546                    /usr/lib/x86_64-linux-gnu/libgio-2.0.so.0.4002.0
7f52eb938000-7f52eb93c000 r--p 0016b000 08:07 1308546                    /usr/lib/x86_64-linux-gnu/libgio-2.0.so.0.4002.0
7f52eb93c000-7f52eb93e000 rw-p 0016f000 08:07 1308546                    /usr/lib/x86_64-linux-gnu/libgio-2.0.so.0.4002.0
7f52eb93e000-7f52eb940000 rw-p 00000000 00:00 0 
7f52eb940000-7f52eb97a000 r-xp 00000000 08:07 1316414                    /usr/lib/x86_64-linux-gnu/libfontconfig.so.1.8.0
7f52eb97a000-7f52ebb79000 ---p 0003a000 08:07 1316414                    /usr/lib/x86_64-linux-gnu/libfontconfig.so.1.8.0
7f52ebb79000-7f52ebb7b000 r--p 00039000 08:07 1316414                    /usr/lib/x86_64-linux-gnu/libfontconfig.so.1.8.0
7f52ebb7b000-7f52ebb7c000 rw-p 0003b000 08:07 1316414                    /usr/lib/x86_64-linux-gnu/libfontconfig.so.1.8.0
7f52ebb7c000-7f52ebbe8000 r-xp 00000000 08:07 1308825                    /usr/lib/x86_64-linux-gnu/libcups.so.2
7f52ebbe8000-7f52ebde8000 ---p 0006c000 08:07 1308825                    /usr/lib/x86_64-linux-gnu/libcups.so.2
7f52ebde8000-7f52ebdef000 r--p 0006c000 08:07 1308825                    /usr/lib/x86_64-linux-gnu/libcups.so.2
7f52ebdef000-7f52ebdf0000 rw-p 00073000 08:07 1308825                    /usr/lib/x86_64-linux-gnu/libcups.so.2
7f52ebdf0000-7f52ebdff000 r-xp 00000000 08:07 1316143                    /usr/lib/x86_64-linux-gnu/libXi.so.6.1.0
7f52ebdff000-7f52ebffe000 ---p 0000f000 08:07 1316143                    /usr/lib/x86_64-linux-gnu/libXi.so.6.1.0
7f52ebffe000-7f52ebfff000 r--p 0000e000 08:07 1316143                    /usr/lib/x86_64-linux-gnu/libXi.so.6.1.0
7f52ebfff000-7f52ec000000 rw-p 0000f000 08:07 1316143                    /usr/lib/x86_64-linux-gnu/libXi.so.6.1.0
7f52ec000000-7f52ec8c0000 rw-p 00000000 00:00 0 
7f52ec8c0000-7f52f0000000 ---p 00000000 00:00 0 
7f52f0000000-7f52f0021000 rw-p 00000000 00:00 0 
7f52f0021000-7f52f4000000 ---p 00000000 00:00 0 
7f52f4000000-7f52f4021000 rw-p 00000000 00:00 0 
7f52f4021000-7f52f8000000 ---p 00000000 00:00 0 
7f52f8000000-7f52f8724000 rw-p 00000000 00:00 0 
7f52f8724000-7f52fc000000 ---p 00000000 00:00 0 
7f52fc000000-7f52fc021000 rw-p 00000000 00:00 0 
7f52fc021000-7f5300000000 ---p 00000000 00:00 0 
7f5300000000-7f5300021000 rw-p 00000000 00:00 0 
7f5300021000-7f5304000000 ---p 00000000 00:00 0 
7f5304000000-7f5304021000 rw-p 00000000 00:00 0 
7f5304021000-7f5308000000 ---p 00000000 00:00 0 
7f5308000000-7f5308021000 rw-p 00000000 00:00 0 
7f5308021000-7f530c000000 ---p 00000000 00:00 0 
7f530c000000-7f530c021000 rw-p 00000000 00:00 0 
7f530c021000-7f5310000000 ---p 00000000 00:00 0 
7f5310000000-7f5310021000 rw-p 00000000 00:00 0 
7f5310021000-7f5314000000 ---p 00000000 00:00 0 
7f5314000000-7f5314021000 rw-p 00000000 00:00 0 
7f5314021000-7f5318000000 ---p 00000000 00:00 0 
7f53180b7000-7f53180ba000 ---p 00000000 00:00 0 
7f53180ba000-7f53181e9000 rw-p 00000000 00:00 0                          [stack:26940]
7f53181e9000-7f53181ee000 r-xp 00000000 08:07 1316163                    /usr/lib/x86_64-linux-gnu/libXtst.so.6.1.0
7f53181ee000-7f53183ed000 ---p 00005000 08:07 1316163                    /usr/lib/x86_64-linux-gnu/libXtst.so.6.1.0
7f53183ed000-7f53183ee000 r--p 00004000 08:07 1316163                    /usr/lib/x86_64-linux-gnu/libXtst.so.6.1.0
7f53183ee000-7f53183ef000 rw-p 00005000 08:07 1316163                    /usr/lib/x86_64-linux-gnu/libXtst.so.6.1.0
7f53183ef000-7f53183f8000 r-xp 00000000 08:07 1316157                    /usr/lib/x86_64-linux-gnu/libXrender.so.1.3.0
7f53183f8000-7f53185f7000 ---p 00009000 08:07 1316157                    /usr/lib/x86_64-linux-gnu/libXrender.so.1.3.0
7f53185f7000-7f53185f8000 r--p 00008000 08:07 1316157                    /usr/lib/x86_64-linux-gnu/libXrender.so.1.3.0
7f53185f8000-7f53185f9000 rw-p 00009000 08:07 1316157                    /usr/lib/x86_64-linux-gnu/libXrender.so.1.3.0
7f53185f9000-7f5318729000 r-xp 00000000 08:07 1316118                    /usr/lib/x86_64-linux-gnu/libX11.so.6.3.0
7f5318729000-7f5318929000 ---p 00130000 08:07 1316118                    /usr/lib/x86_64-linux-gnu/libX11.so.6.3.0
7f5318929000-7f531892a000 r--p 00130000 08:07 1316118                    /usr/lib/x86_64-linux-gnu/libX11.so.6.3.0
7f531892a000-7f531892e000 rw-p 00131000 08:07 1316118                    /usr/lib/x86_64-linux-gnu/libX11.so.6.3.0
7f531892e000-7f531893f000 r-xp 00000000 08:07 1316135                    /usr/lib/x86_64-linux-gnu/libXext.so.6.4.0
7f531893f000-7f5318b3e000 ---p 00011000 08:07 1316135                    /usr/lib/x86_64-linux-gnu/libXext.so.6.4.0
7f5318b3e000-7f5318b3f000 r--p 00010000 08:07 1316135                    /usr/lib/x86_64-linux-gnu/libXext.so.6.4.0
7f5318b3f000-7f5318b40000 rw-p 00011000 08:07 1316135                    /usr/lib/x86_64-linux-gnu/libXext.so.6.4.0
7f5318b64000-7f5318bac000 r-xp 00000000 08:07 1335775                    /usr/lib/jvm/java-7-openjdk-amd64/jre/lib/amd64/xawt/libmawt.so
7f5318bac000-7f5318dab000 ---p 00048000 08:07 1335775                    /usr/lib/jvm/java-7-openjdk-amd64/jre/lib/amd64/xawt/libmawt.so
7f5318dab000-7f5318dac000 r--p 00047000 08:07 1335775                    /usr/lib/jvm/java-7-openjdk-amd64/jre/lib/amd64/xawt/libmawt.so
7f5318dac000-7f5318daf000 rw-p 00048000 08:07 1335775                    /usr/lib/jvm/java-7-openjdk-amd64/jre/lib/amd64/xawt/libmawt.so
7f5318daf000-7f5318db0000 rw-p 00000000 00:00 0 
7f5318db0000-7f5318e50000 r-xp 00000000 08:07 1335846                    /usr/lib/jvm/java-7-openjdk-amd64/jre/lib/amd64/libawt.so
7f5318e50000-7f5319050000 ---p 000a0000 08:07 1335846                    /usr/lib/jvm/java-7-openjdk-amd64/jre/lib/amd64/libawt.so
7f5319050000-7f5319051000 r--p 000a0000 08:07 1335846                    /usr/lib/jvm/java-7-openjdk-amd64/jre/lib/amd64/libawt.so
7f5319051000-7f531905c000 rw-p 000a1000 08:07 1335846                    /usr/lib/jvm/java-7-openjdk-amd64/jre/lib/amd64/libawt.so
7f531905c000-7f5319081000 rw-p 00000000 00:00 0 
7f5319081000-7f5319082000 ---p 00000000 00:00 0 
7f5319082000-7f5319182000 rw-p 00000000 00:00 0                          [stack:26939]
7f5319182000-7f5319185000 ---p 00000000 00:00 0 
7f5319185000-7f5319283000 rw-p 00000000 00:00 0                          [stack:26938]
7f5319283000-7f5319286000 ---p 00000000 00:00 0 
7f5319286000-7f5319384000 rw-p 00000000 00:00 0                          [stack:26937]
7f5319384000-7f5319387000 ---p 00000000 00:00 0 
7f5319387000-7f5319485000 rw-p 00000000 00:00 0                          [stack:26936]
7f5319485000-7f5319488000 ---p 00000000 00:00 0 
7f5319488000-7f5319586000 rw-p 00000000 00:00 0                          [stack:26935]
7f5319586000-7f5319c68000 r--p 00000000 08:07 1314467                    /usr/lib/locale/locale-archive
7f5319c68000-7f5319c6b000 ---p 00000000 00:00 0 
7f5319c6b000-7f5319d69000 rw-p 00000000 00:00 0                          [stack:26934]
7f5319d69000-7f5319d6c000 ---p 00000000 00:00 0 
7f5319d6c000-7f5319e6a000 rw-p 00000000 00:00 0                          [stack:26933]
7f5319e6a000-7f5319e6b000 ---p 00000000 00:00 0 
7f5319e6b000-7f531af68000 rw-p 00000000 00:00 0                          [stack:26932]
7f531af68000-7f531b11a000 r--s 01d23000 08:07 1335805                    /usr/lib/jvm/java-7-openjdk-amd64/jre/lib/rt.jar
7f531b11a000-7f531f9ba000 rw-p 00000000 00:00 0 
7f531f9ba000-7f531f9bb000 ---p 00000000 00:00 0 
7f531f9bb000-7f531fabb000 rw-p 00000000 00:00 0                          [stack:26931]
7f531fabb000-7f531fabc000 ---p 00000000 00:00 0 
7f531fabc000-7f531fbbc000 rw-p 00000000 00:00 0                          [stack:26930]
7f531fbbc000-7f531fbbd000 ---p 00000000 00:00 0 
7f531fbbd000-7f531fce7000 rw-p 00000000 00:00 0                          [stack:26929]
7f531fce7000-7f531ff55000 rw-p 00000000 00:00 0 
7f531ff55000-7f531ff60000 rw-p 00000000 00:00 0 
7f531ff60000-7f531ffa8000 rw-p 00000000 00:00 0 
7f531ffa8000-7f531ffd2000 rw-p 00000000 00:00 0 
7f531ffd2000-7f5320240000 rw-p 00000000 00:00 0 
7f5320240000-7f5320255000 rw-p 00000000 00:00 0 
7f5320255000-7f532038c000 rw-p 00000000 00:00 0 
7f532038c000-7f532038d000 rw-p 00000000 00:00 0 
7f532038d000-7f53205fd000 rwxp 00000000 00:00 0 
7f53205fd000-7f532338d000 rw-p 00000000 00:00 0 
7f532338d000-7f5323395000 r-xp 00000000 08:07 1335860                    /usr/lib/jvm/java-7-openjdk-amd64/jre/lib/amd64/libzip.so
7f5323395000-7f5323594000 ---p 00008000 08:07 1335860                    /usr/lib/jvm/java-7-openjdk-amd64/jre/lib/amd64/libzip.so
7f5323594000-7f5323595000 r--p 00007000 08:07 1335860                    /usr/lib/jvm/java-7-openjdk-amd64/jre/lib/amd64/libzip.so
7f5323595000-7f5323596000 rw-p 00008000 08:07 1335860                    /usr/lib/jvm/java-7-openjdk-amd64/jre/lib/amd64/libzip.so
7f5323596000-7f53235a1000 r-xp 00000000 08:07 1046626                    /lib/x86_64-linux-gnu/libnss_files-2.19.so
7f53235a1000-7f53237a0000 ---p 0000b000 08:07 1046626                    /lib/x86_64-linux-gnu/libnss_files-2.19.so
7f53237a0000-7f53237a1000 r--p 0000a000 08:07 1046626                    /lib/x86_64-linux-gnu/libnss_files-2.19.so
7f53237a1000-7f53237a2000 rw-p 0000b000 08:07 1046626                    /lib/x86_64-linux-gnu/libnss_files-2.19.so
7f53237a2000-7f53237ad000 r-xp 00000000 08:07 1046633                    /lib/x86_64-linux-gnu/libnss_nis-2.19.so
7f53237ad000-7f53239ac000 ---p 0000b000 08:07 1046633                    /lib/x86_64-linux-gnu/libnss_nis-2.19.so
7f53239ac000-7f53239ad000 r--p 0000a000 08:07 1046633                    /lib/x86_64-linux-gnu/libnss_nis-2.19.so
7f53239ad000-7f53239ae000 rw-p 0000b000 08:07 1046633                    /lib/x86_64-linux-gnu/libnss_nis-2.19.so
7f53239ae000-7f53239c5000 r-xp 00000000 08:07 1046559                    /lib/x86_64-linux-gnu/libnsl-2.19.so
7f53239c5000-7f5323bc4000 ---p 00017000 08:07 1046559                    /lib/x86_64-linux-gnu/libnsl-2.19.so
7f5323bc4000-7f5323bc5000 r--p 00016000 08:07 1046559                    /lib/x86_64-linux-gnu/libnsl-2.19.so
7f5323bc5000-7f5323bc6000 rw-p 00017000 08:07 1046559                    /lib/x86_64-linux-gnu/libnsl-2.19.so
7f5323bc6000-7f5323bc8000 rw-p 00000000 00:00 0 
7f5323bc8000-7f5323bd1000 r-xp 00000000 08:07 1046630                    /lib/x86_64-linux-gnu/libnss_compat-2.19.so
7f5323bd1000-7f5323dd0000 ---p 00009000 08:07 1046630                    /lib/x86_64-linux-gnu/libnss_compat-2.19.so
7f5323dd0000-7f5323dd1000 r--p 00008000 08:07 1046630                    /lib/x86_64-linux-gnu/libnss_compat-2.19.so
7f5323dd1000-7f5323dd2000 rw-p 00009000 08:07 1046630                    /lib/x86_64-linux-gnu/libnss_compat-2.19.so
7f5323dd2000-7f5323dfd000 r-xp 00000000 08:07 1335845                    /usr/lib/jvm/java-7-openjdk-amd64/jre/lib/amd64/libjava.so
7f5323dfd000-7f5323ffd000 ---p 0002b000 08:07 1335845                    /usr/lib/jvm/java-7-openjdk-amd64/jre/lib/amd64/libjava.so
7f5323ffd000-7f5323ffe000 r--p 0002b000 08:07 1335845                    /usr/lib/jvm/java-7-openjdk-amd64/jre/lib/amd64/libjava.so
7f5323ffe000-7f5324000000 rw-p 0002c000 08:07 1335845                    /usr/lib/jvm/java-7-openjdk-amd64/jre/lib/amd64/libjava.so
7f5324000000-7f532424d000 rw-p 00000000 00:00 0 
7f532424d000-7f5328000000 ---p 00000000 00:00 0 
7f5328013000-7f532803e000 rw-p 00000000 00:00 0 
7f532803e000-7f532803f000 ---p 00000000 00:00 0 
7f532803f000-7f532814a000 rw-p 00000000 00:00 0                          [stack:26928]
7f532814a000-7f5328192000 rw-p 00000000 00:00 0 
7f5328192000-7f53281a2000 r-xp 00000000 08:07 1335844                    /usr/lib/jvm/java-7-openjdk-amd64/jre/lib/amd64/libverify.so
7f53281a2000-7f53283a1000 ---p 00010000 08:07 1335844                    /usr/lib/jvm/java-7-openjdk-amd64/jre/lib/amd64/libverify.so
7f53283a1000-7f53283a3000 r--p 0000f000 08:07 1335844                    /usr/lib/jvm/java-7-openjdk-amd64/jre/lib/amd64/libverify.so
7f53283a3000-7f53283a4000 rw-p 00011000 08:07 1335844                    /usr/lib/jvm/java-7-openjdk-amd64/jre/lib/amd64/libverify.so
7f53283a4000-7f53283ab000 r-xp 00000000 08:07 1046636                    /lib/x86_64-linux-gnu/librt-2.19.so
7f53283ab000-7f53285aa000 ---p 00007000 08:07 1046636                    /lib/x86_64-linux-gnu/librt-2.19.so
7f53285aa000-7f53285ab000 r--p 00006000 08:07 1046636                    /lib/x86_64-linux-gnu/librt-2.19.so
7f53285ab000-7f53285ac000 rw-p 00007000 08:07 1046636                    /lib/x86_64-linux-gnu/librt-2.19.so
7f53285ac000-7f53285c2000 r-xp 00000000 08:07 1052709                    /lib/x86_64-linux-gnu/libgcc_s.so.1
7f53285c2000-7f53287c1000 ---p 00016000 08:07 1052709                    /lib/x86_64-linux-gnu/libgcc_s.so.1
7f53287c1000-7f53287c2000 rw-p 00015000 08:07 1052709                    /lib/x86_64-linux-gnu/libgcc_s.so.1
7f53287c2000-7f53288c7000 r-xp 00000000 08:07 1046552                    /lib/x86_64-linux-gnu/libm-2.19.so
7f53288c7000-7f5328ac6000 ---p 00105000 08:07 1046552                    /lib/x86_64-linux-gnu/libm-2.19.so
7f5328ac6000-7f5328ac7000 r--p 00104000 08:07 1046552                    /lib/x86_64-linux-gnu/libm-2.19.so
7f5328ac7000-7f5328ac8000 rw-p 00105000 08:07 1046552                    /lib/x86_64-linux-gnu/libm-2.19.so
7f5328ac8000-7f5328bae000 r-xp 00000000 08:07 1317028                    /usr/lib/x86_64-linux-gnu/libstdc++.so.6.0.19
7f5328bae000-7f5328dad000 ---p 000e6000 08:07 1317028                    /usr/lib/x86_64-linux-gnu/libstdc++.so.6.0.19
7f5328dad000-7f5328db5000 r--p 000e5000 08:07 1317028                    /usr/lib/x86_64-linux-gnu/libstdc++.so.6.0.19
7f5328db5000-7f5328db7000 rw-p 000ed000 08:07 1317028                    /usr/lib/x86_64-linux-gnu/libstdc++.so.6.0.19
7f5328db7000-7f5328dcc000 rw-p 00000000 00:00 0 
7f5328dcc000-7f53298e4000 r-xp 00000000 08:07 1335849                    /usr/lib/jvm/java-7-openjdk-amd64/jre/lib/amd64/server/libjvm.so
7f53298e4000-7f5329ae4000 ---p 00b18000 08:07 1335849                    /usr/lib/jvm/java-7-openjdk-amd64/jre/lib/amd64/server/libjvm.so
7f5329ae4000-7f5329b7e000 r--p 00b18000 08:07 1335849                    /usr/lib/jvm/java-7-openjdk-amd64/jre/lib/amd64/server/libjvm.so
7f5329b7e000-7f5329ba1000 rw-p 00bb2000 08:07 1335849                    /usr/lib/jvm/java-7-openjdk-amd64/jre/lib/amd64/server/libjvm.so
7f5329ba1000-7f5329bcf000 rw-p 00000000 00:00 0 
7f5329bcf000-7f5329be7000 r-xp 00000000 08:07 1052586                    /lib/x86_64-linux-gnu/libz.so.1.2.8
7f5329be7000-7f5329de6000 ---p 00018000 08:07 1052586                    /lib/x86_64-linux-gnu/libz.so.1.2.8
7f5329de6000-7f5329de7000 r--p 00017000 08:07 1052586                    /lib/x86_64-linux-gnu/libz.so.1.2.8
7f5329de7000-7f5329de8000 rw-p 00018000 08:07 1052586                    /lib/x86_64-linux-gnu/libz.so.1.2.8
7f5329de8000-7f5329e01000 r-xp 00000000 08:07 1046623                    /lib/x86_64-linux-gnu/libpthread-2.19.so
7f5329e01000-7f532a000000 ---p 00019000 08:07 1046623                    /lib/x86_64-linux-gnu/libpthread-2.19.so
7f532a000000-7f532a001000 r--p 00018000 08:07 1046623                    /lib/x86_64-linux-gnu/libpthread-2.19.so
7f532a001000-7f532a002000 rw-p 00019000 08:07 1046623                    /lib/x86_64-linux-gnu/libpthread-2.19.so
7f532a002000-7f532a006000 rw-p 00000000 00:00 0 
7f532a006000-7f532a009000 r-xp 00000000 08:07 1046628                    /lib/x86_64-linux-gnu/libdl-2.19.so
7f532a009000-7f532a208000 ---p 00003000 08:07 1046628                    /lib/x86_64-linux-gnu/libdl-2.19.so
7f532a208000-7f532a209000 r--p 00002000 08:07 1046628                    /lib/x86_64-linux-gnu/libdl-2.19.so
7f532a209000-7f532a20a000 rw-p 00003000 08:07 1046628                    /lib/x86_64-linux-gnu/libdl-2.19.so
7f532a20a000-7f532a3c5000 r-xp 00000000 08:07 1046634                    /lib/x86_64-linux-gnu/libc-2.19.so
7f532a3c5000-7f532a5c5000 ---p 001bb000 08:07 1046634                    /lib/x86_64-linux-gnu/libc-2.19.so
7f532a5c5000-7f532a5c9000 r--p 001bb000 08:07 1046634                    /lib/x86_64-linux-gnu/libc-2.19.so
7f532a5c9000-7f532a5cb000 rw-p 001bf000 08:07 1046634                    /lib/x86_64-linux-gnu/libc-2.19.so
7f532a5cb000-7f532a5d0000 rw-p 00000000 00:00 0 
7f532a5d0000-7f532a5dd000 r-xp 00000000 08:07 1335828                    /usr/lib/jvm/java-7-openjdk-amd64/jre/lib/amd64/jli/libjli.so
7f532a5dd000-7f532a7dc000 ---p 0000d000 08:07 1335828                    /usr/lib/jvm/java-7-openjdk-amd64/jre/lib/amd64/jli/libjli.so
7f532a7dc000-7f532a7dd000 r--p 0000c000 08:07 1335828                    /usr/lib/jvm/java-7-openjdk-amd64/jre/lib/amd64/jli/libjli.so
7f532a7dd000-7f532a7de000 rw-p 0000d000 08:07 1335828                    /usr/lib/jvm/java-7-openjdk-amd64/jre/lib/amd64/jli/libjli.so
7f532a7de000-7f532a801000 r-xp 00000000 08:07 1046631                    /lib/x86_64-linux-gnu/ld-2.19.so
7f532a80b000-7f532a814000 r--s 000b9000 08:07 1335807                    /usr/lib/jvm/java-7-openjdk-amd64/jre/lib/resources.jar
7f532a814000-7f532a81e000 rw-p 00000000 00:00 0 
7f532a81e000-7f532a8d4000 rw-p 00000000 00:00 0 
7f532a8d4000-7f532a8d7000 ---p 00000000 00:00 0 
7f532a8d7000-7f532a9da000 rw-p 00000000 00:00 0                          [stack:26926]
7f532a9e1000-7f532a9e3000 r--s 00012000 08:07 1335811                    /usr/lib/jvm/java-7-openjdk-amd64/jre/lib/ext/zipfs.jar
7f532a9e3000-7f532a9e5000 r--s 00006000 08:07 1708104                    /usr/share/java/java-atk-wrapper.jar
7f532a9e5000-7f532a9e8000 r--s 00086000 08:07 1335813                    /usr/lib/jvm/java-7-openjdk-amd64/jre/lib/ext/localedata.jar
7f532a9e8000-7f532a9e9000 r--s 00002000 08:07 1335812                    /usr/lib/jvm/java-7-openjdk-amd64/jre/lib/ext/dnsns.jar
7f532a9e9000-7f532a9ed000 r--s 00034000 08:07 1335810                    /usr/lib/jvm/java-7-openjdk-amd64/jre/lib/ext/sunjce_provider.jar
7f532a9ed000-7f532a9f0000 r--s 0000f000 08:07 1335808                    /usr/lib/jvm/java-7-openjdk-amd64/jre/lib/ext/icedtea-sound.jar
7f532a9f0000-7f532a9f4000 r--s 0003c000 08:07 1335809                    /usr/lib/jvm/java-7-openjdk-amd64/jre/lib/ext/sunpkcs11.jar
7f532a9f4000-7f532a9fc000 rw-s 00000000 08:07 793157                     /tmp/hsperfdata_ladu/26922
7f532a9fc000-7f532a9fd000 rw-p 00000000 00:00 0 
7f532a9fd000-7f532a9fe000 r--p 00000000 00:00 0 
7f532a9fe000-7f532aa00000 rw-p 00000000 00:00 0 
7f532aa00000-7f532aa01000 r--p 00022000 08:07 1046631                    /lib/x86_64-linux-gnu/ld-2.19.so
7f532aa01000-7f532aa02000 rw-p 00023000 08:07 1046631                    /lib/x86_64-linux-gnu/ld-2.19.so
7f532aa02000-7f532aa03000 rw-p 00000000 00:00 0 
7fffc0ed5000-7fffc0ef6000 rw-p 00000000 00:00 0                          [stack]
7fffc0ffe000-7fffc1000000 r-xp 00000000 00:00 0                          [vdso]
ffffffffff600000-ffffffffff601000 r-xp 00000000 00:00 0                  [vsyscall]

VM Arguments:
jvm_args: -Djava.security.policy=java.policy.applet -Dfile.encoding=UTF-8 
java_command: sun.applet.AppletViewer bulletmaster.GameApplet1424675830915.html
Launcher Type: SUN_STANDARD

Environment Variables:
PATH=/usr/local/sbin:/usr/local/bin:/usr/sbin:/usr/bin:/sbin:/bin:/usr/games:/usr/local/games
SHELL=/bin/bash
DISPLAY=:0

Signal Handlers:
SIGSEGV: [libjvm.so+0x94b4b0], sa_mask[0]=0x7ffbfeff, sa_flags=0x10000004
SIGBUS: [libjvm.so+0x94b4b0], sa_mask[0]=0x7ffbfeff, sa_flags=0x10000004
SIGFPE: [libjvm.so+0x7c3390], sa_mask[0]=0x7ffbfeff, sa_flags=0x10000004
SIGPIPE: [libjvm.so+0x7c3390], sa_mask[0]=0x7ffbfeff, sa_flags=0x10000004
SIGXFSZ: [libjvm.so+0x7c3390], sa_mask[0]=0x7ffbfeff, sa_flags=0x10000004
SIGILL: [libjvm.so+0x7c3390], sa_mask[0]=0x7ffbfeff, sa_flags=0x10000004
SIGUSR1: SIG_DFL, sa_mask[0]=0x00000000, sa_flags=0x00000000
SIGUSR2: [libjvm.so+0x7c3230], sa_mask[0]=0x00000004, sa_flags=0x10000004
SIGHUP: [libjvm.so+0x7c3410], sa_mask[0]=0x7ffbfeff, sa_flags=0x10000004
SIGINT: [libjvm.so+0x7c3410], sa_mask[0]=0x7ffbfeff, sa_flags=0x10000004
SIGTERM: [libjvm.so+0x7c3410], sa_mask[0]=0x7ffbfeff, sa_flags=0x10000004
SIGQUIT: [libjvm.so+0x7c3410], sa_mask[0]=0x7ffbfeff, sa_flags=0x10000004
SIGTRAP: SIG_DFL, sa_mask[0]=0x00000000, sa_flags=0x00000000


---------------  S Y S T E M  ---------------

OS:Ubuntu 14.04 (trusty)
uname:Linux 3.13.0-43-generic #72-Ubuntu SMP Mon Dec 8 19:35:06 UTC 2014 x86_64
libc:glibc 2.19 NPTL 2.19 
rlimit: STACK 8192k, CORE 0k, NPROC 63565, NOFILE 4096, AS infinity
load average:0.35 0.29 0.31

/proc/meminfo:
MemTotal:        8157992 kB
MemFree:         4024164 kB
Buffers:          283748 kB
Cached:          1535968 kB
SwapCached:            0 kB
Active:          2778144 kB
Inactive:        1037308 kB
Active(anon):    1997072 kB
Inactive(anon):    94120 kB
Active(file):     781072 kB
Inactive(file):   943188 kB
Unevictable:          48 kB
Mlocked:              48 kB
SwapTotal:       1951860 kB
SwapFree:        1951860 kB
Dirty:               152 kB
Writeback:             0 kB
AnonPages:       1966676 kB
Mapped:           212480 kB
Shmem:             95620 kB
Slab:             166604 kB
SReclaimable:     116736 kB
SUnreclaim:        49868 kB
KernelStack:        6064 kB
PageTables:        51712 kB
NFS_Unstable:          0 kB
Bounce:                0 kB
WritebackTmp:          0 kB
CommitLimit:     6030856 kB
Committed_AS:    6998068 kB
VmallocTotal:   34359738367 kB
VmallocUsed:      126348 kB
VmallocChunk:   34359548148 kB
HardwareCorrupted:     0 kB
AnonHugePages:    868352 kB
HugePages_Total:       0
HugePages_Free:        0
HugePages_Rsvd:        0
HugePages_Surp:        0
Hugepagesize:       2048 kB
DirectMap4k:       61052 kB
DirectMap2M:     8308736 kB


CPU:total 4 (4 cores per cpu, 1 threads per core) family 6 model 42 stepping 7, cmov, cx8, fxsr, mmx, sse, sse2, sse3, ssse3, sse4.1, sse4.2, popcnt, avx, aes, tsc, tscinvbit

/proc/cpuinfo:
processor	: 0
vendor_id	: GenuineIntel
cpu family	: 6
model		: 42
model name	: Intel(R) Core(TM) i5-2500K CPU @ 3.30GHz
stepping	: 7
microcode	: 0x14
cpu MHz		: 3301.000
cache size	: 6144 KB
physical id	: 0
siblings	: 4
core id		: 0
cpu cores	: 4
apicid		: 0
initial apicid	: 0
fpu		: yes
fpu_exception	: yes
cpuid level	: 13
wp		: yes
flags		: fpu vme de pse tsc msr pae mce cx8 apic sep mtrr pge mca cmov pat pse36 clflush dts acpi mmx fxsr sse sse2 ss ht tm pbe syscall nx rdtscp lm constant_tsc arch_perfmon pebs bts rep_good nopl xtopology nonstop_tsc aperfmperf eagerfpu pni pclmulqdq dtes64 monitor ds_cpl vmx est tm2 ssse3 cx16 xtpr pdcm pcid sse4_1 sse4_2 popcnt tsc_deadline_timer aes xsave avx lahf_lm ida arat epb xsaveopt pln pts dtherm tpr_shadow vnmi flexpriority ept vpid
bogomips	: 6621.86
clflush size	: 64
cache_alignment	: 64
address sizes	: 36 bits physical, 48 bits virtual
power management:

processor	: 1
vendor_id	: GenuineIntel
cpu family	: 6
model		: 42
model name	: Intel(R) Core(TM) i5-2500K CPU @ 3.30GHz
stepping	: 7
microcode	: 0x14
cpu MHz		: 3301.000
cache size	: 6144 KB
physical id	: 0
siblings	: 4
core id		: 1
cpu cores	: 4
apicid		: 2
initial apicid	: 2
fpu		: yes
fpu_exception	: yes
cpuid level	: 13
wp		: yes
flags		: fpu vme de pse tsc msr pae mce cx8 apic sep mtrr pge mca cmov pat pse36 clflush dts acpi mmx fxsr sse sse2 ss ht tm pbe syscall nx rdtscp lm constant_tsc arch_perfmon pebs bts rep_good nopl xtopology nonstop_tsc aperfmperf eagerfpu pni pclmulqdq dtes64 monitor ds_cpl vmx est tm2 ssse3 cx16 xtpr pdcm pcid sse4_1 sse4_2 popcnt tsc_deadline_timer aes xsave avx lahf_lm ida arat epb xsaveopt pln pts dtherm tpr_shadow vnmi flexpriority ept vpid
bogomips	: 6621.86
clflush size	: 64
cache_alignment	: 64
address sizes	: 36 bits physical, 48 bits virtual
power management:

processor	: 2
vendor_id	: GenuineIntel
cpu family	: 6
model		: 42
model name	: Intel(R) Core(TM) i5-2500K CPU @ 3.30GHz
stepping	: 7
microcode	: 0x14
cpu MHz		: 3301.000
cache size	: 6144 KB
physical id	: 0
siblings	: 4
core id		: 2
cpu cores	: 4
apicid		: 4
initial apicid	: 4
fpu		: yes
fpu_exception	: yes
cpuid level	: 13
wp		: yes
flags		: fpu vme de pse tsc msr pae mce cx8 apic sep mtrr pge mca cmov pat pse36 clflush dts acpi mmx fxsr sse sse2 ss ht tm pbe syscall nx rdtscp lm constant_tsc arch_perfmon pebs bts rep_good nopl xtopology nonstop_tsc aperfmperf eagerfpu pni pclmulqdq dtes64 monitor ds_cpl vmx est tm2 ssse3 cx16 xtpr pdcm pcid sse4_1 sse4_2 popcnt tsc_deadline_timer aes xsave avx lahf_lm ida arat epb xsaveopt pln pts dtherm tpr_shadow vnmi flexpriority ept vpid
bogomips	: 6621.86
clflush size	: 64
cache_alignment	: 64
address sizes	: 36 bits physical, 48 bits virtual
power management:

processor	: 3
vendor_id	: GenuineIntel
cpu family	: 6
model		: 42
model name	: Intel(R) Core(TM) i5-2500K CPU @ 3.30GHz
stepping	: 7
microcode	: 0x14
cpu MHz		: 3301.000
cache size	: 6144 KB
physical id	: 0
siblings	: 4
core id		: 3
cpu cores	: 4
apicid		: 6
initial apicid	: 6
fpu		: yes
fpu_exception	: yes
cpuid level	: 13
wp		: yes
flags		: fpu vme de pse tsc msr pae mce cx8 apic sep mtrr pge mca cmov pat pse36 clflush dts acpi mmx fxsr sse sse2 ss ht tm pbe syscall nx rdtscp lm constant_tsc arch_perfmon pebs bts rep_good nopl xtopology nonstop_tsc aperfmperf eagerfpu pni pclmulqdq dtes64 monitor ds_cpl vmx est tm2 ssse3 cx16 xtpr pdcm pcid sse4_1 sse4_2 popcnt tsc_deadline_timer aes xsave avx lahf_lm ida arat epb xsaveopt pln pts dtherm tpr_shadow vnmi flexpriority ept vpid
bogomips	: 6621.86
clflush size	: 64
cache_alignment	: 64
address sizes	: 36 bits physical, 48 bits virtual
power management:



Memory: 4k page, physical 8157992k(4052936k free), swap 1951860k(1951860k free)

vm_info: OpenJDK 64-Bit Server VM (24.75-b04) for linux-amd64 JRE (1.7.0_75-b13), built on Jan 27 2015 00:38:59 by "buildd" with gcc 4.8.2

time: Mon Feb 23 01:57:58 2015
elapsed time: 9647 seconds

