#
# A fatal error has been detected by the Java Runtime Environment:
#
#  SIGSEGV (0xb) at pc=0x00007f26a4c436fa, pid=30490, tid=139802924799744
#
# JRE version: OpenJDK Runtime Environment (7.0_75-b13) (build 1.7.0_75-b13)
# Java VM: OpenJDK 64-Bit Server VM (24.75-b04 mixed mode linux-amd64 compressed oops)
# Derivative: IcedTea 2.5.4
# Distribution: Ubuntu 14.04 LTS, package 7u75-2.5.4-1~trusty1
# Problematic frame:
# v  ~BufferBlob::jni_fast_GetLongField
#
# Failed to write core dump. Core dumps have been disabled. To enable core dumping, try "ulimit -c unlimited" before starting Java again
#
# If you would like to submit a bug report, please include
# instructions on how to reproduce the bug and visit:
#   http://icedtea.classpath.org/bugzilla
# The crash happened outside the Java Virtual Machine in native code.
# See problematic frame for where to report the bug.
#

---------------  T H R E A D  ---------------

Current thread (0x00007f26a8213800):  JavaThread "AWT-XAWT" daemon [_thread_in_native, id=30510, stack(0x00007f26679bd000,0x00007f2667abe000)]

siginfo:si_signo=SIGSEGV: si_errno=0, si_code=1 (SEGV_MAPERR), si_addr=0x0000000000000000

Registers:
RAX=0x00007f26ae254080, RBX=0x00007f26a82139d8, RCX=0x00007f26ae6cb320, RDX=0x0000000000000042
RSP=0x00007f2667abc7f8, RBP=0x00007f2667abc820, RSI=0x0000000000000000, RDI=0x00007f26a82139d8
R8 =0x0000000000000003, R9 =0x0000000000000000, R10=0x0000000000000002, R11=0x00007f26adcf2dd0
R12=0x00007f26540126a0, R13=0x0000000000000000, R14=0x00007f269d48ad80, R15=0x00007f26a8213800
RIP=0x00007f26a4c436fa, EFLAGS=0x0000000000010246, CSGSFS=0x0000000000000033, ERR=0x0000000000000004
  TRAPNO=0x000000000000000e

Top of Stack: (sp=0x00007f2667abc7f8)
0x00007f2667abc7f8:   00007f269d25c6f4 00000007796222a8
0x00007f2667abc808:   00007f26540126a0 00000007796222a8
0x00007f2667abc818:   00007f2667abc908 0000000000000000
0x00007f2667abc828:   00007f269cd36ae8 00000007796222a8
0x00007f2667abc838:   00007f2667abc860 0000000000000000
0x00007f2667abc848:   00007f269cd2e9a3 00000007796222a8
0x00007f2667abc858:   00007f269d25120f 00007f2667abc8d0
0x00007f2667abc868:   00007f26a4bfad98 00007f26a4bee233
0x00007f2667abc878:   0000000000000000 00000007d68efa90
0x00007f2667abc888:   0000000000000000 00007f2667abc890
0x00007f2667abc898:   0000000000000000 00007f2667abc908
0x00007f2667abc8a8:   0000000779628430 0000000000000000
0x00007f2667abc8b8:   00000007796222a8 0000000000000000
0x00007f2667abc8c8:   00007f2667abc8f0 00007f2667abc950
0x00007f2667abc8d8:   00007f26a4bee350 00000007d68b57c0
0x00007f2667abc8e8:   00007f26a4bf6cc0 0000000000000000
0x00007f2667abc8f8:   00007f2667abc950 00007f2658006dd0
0x00007f2667abc908:   00000007d6946a30 00007f2667abc910
0x00007f2667abc918:   000000077976966c 00007f2667abc998
0x00007f2667abc928:   00000007797764b0 0000000779ae4628
0x00007f2667abc938:   0000000779769800 00007f2667abc8f0
0x00007f2667abc948:   00007f2667abc990 00007f2667abc9e0
0x00007f2667abc958:   00007f26a4bee058 0000000000000000
0x00007f2667abc968:   00000007d6937898 0000000000000000
0x00007f2667abc978:   0000000000000000 0000000000000000
0x00007f2667abc988:   00000007d6946a30 0000000000000000
0x00007f2667abc998:   00000007d68f0490 00007f2667abc9a0
0x00007f2667abc9a8:   0000000779769465 00007f2667abc9f0
0x00007f2667abc9b8:   00000007797764b0 0000000000000000
0x00007f2667abc9c8:   0000000779769480 00007f2667abc990
0x00007f2667abc9d8:   00007f2667abc9f0 00007f2667abca38
0x00007f2667abc9e8:   00007f26a4bee706 00000007d68f0490 

Instructions: (pc=0x00007f26a4c436fa)
0x00007f26a4c436da:   00 00 00 00 00 00 44 8b 15 7d b1 63 09 4c 8b ce
0x00007f26a4c436ea:   41 f6 c2 01 0f 85 2e 00 00 00 4d 33 ca 4d 33 ca
0x00007f26a4c436fa:   4d 8b 09 4c 8b da 49 c1 eb 02 4b 8b 04 19 49 bb
0x00007f26a4c4370a:   64 e8 27 ae 26 7f 00 00 4c 33 d8 4c 33 d8 45 3b 

Register to memory mapping:

RAX=0x00007f26ae254080: <offset 0xdbe080> in /usr/lib/jvm/java-7-openjdk-amd64/jre/lib/amd64/server/libjvm.so at 0x00007f26ad496000
RBX=0x00007f26a82139d8 is an unknown value
RCX=0x00007f26ae6cb320: <offset 0x219320> in /lib/x86_64-linux-gnu/libpthread.so.0 at 0x00007f26ae4b2000
RDX=0x0000000000000042 is an unknown value
RSP=0x00007f2667abc7f8 is pointing into the stack for thread: 0x00007f26a8213800
RBP=0x00007f2667abc820 is pointing into the stack for thread: 0x00007f26a8213800
RSI=0x0000000000000000 is an unknown value
RDI=0x00007f26a82139d8 is an unknown value
R8 =0x0000000000000003 is an unknown value
R9 =0x0000000000000000 is an unknown value
R10=0x0000000000000002 is an unknown value
R11=0x00007f26adcf2dd0: <offset 0x85cdd0> in /usr/lib/jvm/java-7-openjdk-amd64/jre/lib/amd64/server/libjvm.so at 0x00007f26ad496000
R12=0x00007f26540126a0 is an unknown value
R13=0x0000000000000000 is an unknown value
R14=0x00007f269d48ad80: <offset 0x24ad80> in /usr/lib/jvm/java-7-openjdk-amd64/jre/lib/amd64/xawt/libmawt.so at 0x00007f269d240000
R15=0x00007f26a8213800 is a thread


Stack: [0x00007f26679bd000,0x00007f2667abe000],  sp=0x00007f2667abc7f8,  free space=1021k
Native frames: (J=compiled Java code, j=interpreted, Vv=VM code, C=native code)
v  ~BufferBlob::jni_fast_GetLongField

Java frames: (J=compiled Java code, j=interpreted, Vv=VM code)
j  sun.awt.X11.XlibWrapper.XFilterEvent(JJ)Z+0
j  sun.awt.X11.XToolkit.run(Z)V+300
j  sun.awt.X11.XToolkit.run()V+5
j  java.lang.Thread.run()V+11
v  ~StubRoutines::call_stub

---------------  P R O C E S S  ---------------

Java Threads: ( => current thread )
  0x00007f265c008000 JavaThread "AWT-EventQueue-1" [_thread_blocked, id=30516, stack(0x00007f2667152000,0x00007f2667253000)]
  0x00007f26a800a000 JavaThread "DestroyJavaVM" [_thread_blocked, id=30492, stack(0x00007f26aef9e000,0x00007f26af09f000)]
  0x00007f26a822b800 JavaThread "AWT-EventQueue-0" [_thread_blocked, id=30514, stack(0x00007f26676ba000,0x00007f26677bb000)]
  0x00007f26a8228000 JavaThread "AWT-Shutdown" [_thread_blocked, id=30513, stack(0x00007f26677bb000,0x00007f26678bc000)]
  0x00007f26a8220000 JavaThread "thread applet-bulletmaster.StartingClass.class" [_thread_blocked, id=30512, stack(0x00007f26678bc000,0x00007f26679bd000)]
=>0x00007f26a8213800 JavaThread "AWT-XAWT" daemon [_thread_in_native, id=30510, stack(0x00007f26679bd000,0x00007f2667abe000)]
  0x00007f26a81ef000 JavaThread "Java2D Disposer" daemon [_thread_blocked, id=30509, stack(0x00007f2667ece000,0x00007f2667fcf000)]
  0x00007f26a80b0800 JavaThread "Service Thread" daemon [_thread_blocked, id=30507, stack(0x00007f269d85e000,0x00007f269d95f000)]
  0x00007f26a80ae000 JavaThread "C2 CompilerThread1" daemon [_thread_blocked, id=30506, stack(0x00007f269d95f000,0x00007f269da60000)]
  0x00007f26a80ab000 JavaThread "C2 CompilerThread0" daemon [_thread_blocked, id=30505, stack(0x00007f269da60000,0x00007f269db61000)]
  0x00007f26a80a9000 JavaThread "Signal Dispatcher" daemon [_thread_blocked, id=30504, stack(0x00007f269db61000,0x00007f269dc62000)]
  0x00007f26a807c000 JavaThread "Finalizer" daemon [_thread_blocked, id=30503, stack(0x00007f269e344000,0x00007f269e445000)]
  0x00007f26a807a000 JavaThread "Reference Handler" daemon [_thread_blocked, id=30502, stack(0x00007f269e445000,0x00007f269e546000)]

Other Threads:
  0x00007f26a8075800 VMThread [stack: 0x00007f269e546000,0x00007f269e647000] [id=30501]
  0x00007f26a80bb000 WatcherThread [stack: 0x00007f269d75d000,0x00007f269d85e000] [id=30508]

VM state:not at safepoint (normal execution)

VM Mutex/Monitor currently owned by a thread: None

Heap
 PSYoungGen      total 37376K, used 7777K [0x00000007d6800000, 0x00000007d9180000, 0x0000000800000000)
  eden space 32256K, 24% used [0x00000007d6800000,0x00000007d6f98608,0x00000007d8780000)
  from space 5120K, 0% used [0x00000007d8c80000,0x00000007d8c80000,0x00000007d9180000)
  to   space 5120K, 0% used [0x00000007d8780000,0x00000007d8780000,0x00000007d8c80000)
 ParOldGen       total 84992K, used 0K [0x0000000783800000, 0x0000000788b00000, 0x00000007d6800000)
  object space 84992K, 0% used [0x0000000783800000,0x0000000783800000,0x0000000788b00000)
 PSPermGen       total 21504K, used 9109K [0x0000000779200000, 0x000000077a700000, 0x0000000783800000)
  object space 21504K, 42% used [0x0000000779200000,0x0000000779ae5490,0x000000077a700000)

Card table byte_map: [0x00007f26a47b0000,0x00007f26a4be8000] byte_map_base: 0x00007f26a0be7000

Polling page: 0x00007f26af0c7000

Code Cache  [0x00007f26a4be8000, 0x00007f26a4e58000, 0x00007f26a7be8000)
 total_blobs=451 nmethods=49 adapters=356 free_code_cache=48587Kb largest_free_block=49731712

Compilation events (10 events):
Event: 2008.285 Thread 0x00007f26a80ae000   43             java.util.concurrent.locks.ReentrantLock$Sync::nonfairTryAcquire (67 bytes)
Event: 2008.287 Thread 0x00007f26a80ae000 nmethod 43 0x00007f26a4c73310 code [0x00007f26a4c73440, 0x00007f26a4c73518]
Event: 2009.011 Thread 0x00007f26a80ab000   44             java.util.TreeMap::getEntry (84 bytes)
Event: 2009.013 Thread 0x00007f26a80ab000 nmethod 44 0x00007f26a4c72ed0 code [0x00007f26a4c73020, 0x00007f26a4c73198]
Event: 3080.728 Thread 0x00007f26a80ae000   46             sun.awt.X11.Native::getInt (8 bytes)
Event: 3080.729 Thread 0x00007f26a80ae000 nmethod 46 0x00007f26a4c75b10 code [0x00007f26a4c75c40, 0x00007f26a4c75cb8]
Event: 3623.512 Thread 0x00007f26a80ab000   47   !         sun.awt.X11.XToolkit::callTimeoutTasks (220 bytes)
Event: 3623.514 Thread 0x00007f26a80ab000 nmethod 47 0x00007f26a4c76890 code [0x00007f26a4c76a20, 0x00007f26a4c76c98]
Event: 4151.386 Thread 0x00007f26a80ae000   48   !         sun.awt.X11.XToolkit::getNextTaskTime (55 bytes)
Event: 4151.393 Thread 0x00007f26a80ae000 nmethod 48 0x00007f26a4c78150 code [0x00007f26a4c782e0, 0x00007f26a4c785c0]

GC Heap History (0 events):
No events

Deoptimization events (4 events):
Event: 0.217 Thread 0x00007f26a822b800 Uncommon trap: reason=class_check action=maybe_recompile pc=0x00007f26a4c4dce4 method=java.util.Properties$LineReader.readLine()I @ 62
Event: 0.217 Thread 0x00007f26a822b800 Uncommon trap: reason=class_check action=maybe_recompile pc=0x00007f26a4c4dd08 method=java.util.Properties$LineReader.readLine()I @ 402
Event: 0.217 Thread 0x00007f26a822b800 Uncommon trap: reason=class_check action=maybe_recompile pc=0x00007f26a4c4dce4 method=java.util.Properties$LineReader.readLine()I @ 62
Event: 0.218 Thread 0x00007f26a822b800 Uncommon trap: reason=class_check action=maybe_recompile pc=0x00007f26a4c4dce4 method=java.util.Properties$LineReader.readLine()I @ 62

Internal exceptions (10 events):
Event: 0.133 Thread 0x00007f26a800a000 Threw 0x00000007d68c2ad0 at /build/buildd/openjdk-7-7u75-2.5.4/build/openjdk/hotspot/src/share/vm/classfile/systemDictionary.cpp:185
Event: 0.178 Thread 0x00007f26a800a000 Threw 0x00000007d6930630 at /build/buildd/openjdk-7-7u75-2.5.4/build/openjdk/hotspot/src/share/vm/prims/jni.cpp:721
Event: 0.277 Thread 0x00007f265c006800 Threw 0x00000007d6db73b0 at /build/buildd/openjdk-7-7u75-2.5.4/build/openjdk/hotspot/src/share/vm/prims/jvm.cpp:1284
Event: 0.281 Thread 0x00007f265c006800 Threw 0x00000007d6dd5b50 at /build/buildd/openjdk-7-7u75-2.5.4/build/openjdk/hotspot/src/share/vm/prims/jvm.cpp:1284
Event: 0.282 Thread 0x00007f265c006800 Threw 0x00000007d6ddd6a8 at /build/buildd/openjdk-7-7u75-2.5.4/build/openjdk/hotspot/src/share/vm/prims/jvm.cpp:1284
Event: 0.282 Thread 0x00007f265c006800 Threw 0x00000007d6de26e8 at /build/buildd/openjdk-7-7u75-2.5.4/build/openjdk/hotspot/src/share/vm/prims/jvm.cpp:1284
Event: 0.283 Thread 0x00007f265c006800 Threw 0x00000007d6de6848 at /build/buildd/openjdk-7-7u75-2.5.4/build/openjdk/hotspot/src/share/vm/prims/jvm.cpp:1284
Event: 0.284 Thread 0x00007f265c006800 Threw 0x00000007d6dede78 at /build/buildd/openjdk-7-7u75-2.5.4/build/openjdk/hotspot/src/share/vm/prims/jvm.cpp:1284
Event: 0.293 Thread 0x00007f26a8220000 Threw 0x00000007d6d27cf0 at /build/buildd/openjdk-7-7u75-2.5.4/build/openjdk/hotspot/src/share/vm/prims/jvm.cpp:1284
Event: 0.295 Thread 0x00007f26a8220000 Threw 0x00000007d6d3ecd0 at /build/buildd/openjdk-7-7u75-2.5.4/build/openjdk/hotspot/src/share/vm/prims/jvm.cpp:1284

Events (10 events):
Event: 0.309 loading class 0x00007f26a812b940
Event: 0.316 loading class 0x00007f26a812b940 done
Event: 0.316 loading class 0x00007f26a8131ab0
Event: 0.316 loading class 0x00007f26a8131ab0 done
Event: 0.317 loading class 0x00007f26a80c0d60
Event: 0.317 loading class 0x00007f26a80c0d60 done
Event: 2.019 loading class 0x00007f26a8186c30
Event: 2.019 loading class 0x00007f26a8186c30 done
Event: 4.086 Executing VM operation: EnableBiasedLocking
Event: 4.086 Executing VM operation: EnableBiasedLocking done


Dynamic libraries:
00400000-00401000 r-xp 00000000 08:07 1335863                            /usr/lib/jvm/java-7-openjdk-amd64/jre/bin/java
00600000-00601000 r--p 00000000 08:07 1335863                            /usr/lib/jvm/java-7-openjdk-amd64/jre/bin/java
00601000-00602000 rw-p 00001000 08:07 1335863                            /usr/lib/jvm/java-7-openjdk-amd64/jre/bin/java
01df5000-01e16000 rw-p 00000000 00:00 0                                  [heap]
779200000-77a700000 rw-p 00000000 00:00 0 
77a700000-783800000 rw-p 00000000 00:00 0 
783800000-788b00000 rw-p 00000000 00:00 0 
788b00000-7d6800000 rw-p 00000000 00:00 0 
7d6800000-7d9180000 rw-p 00000000 00:00 0 
7d9180000-800000000 rw-p 00000000 00:00 0 
7f2648000000-7f2648021000 rw-p 00000000 00:00 0 
7f2648021000-7f264c000000 ---p 00000000 00:00 0 
7f2650000000-7f2650021000 rw-p 00000000 00:00 0 
7f2650021000-7f2654000000 ---p 00000000 00:00 0 
7f2654000000-7f2654061000 rw-p 00000000 00:00 0 
7f2654061000-7f2658000000 ---p 00000000 00:00 0 
7f2658000000-7f2658021000 rw-p 00000000 00:00 0 
7f2658021000-7f265c000000 ---p 00000000 00:00 0 
7f265c000000-7f265c021000 rw-p 00000000 00:00 0 
7f265c021000-7f2660000000 ---p 00000000 00:00 0 
7f2660000000-7f2660021000 rw-p 00000000 00:00 0 
7f2660021000-7f2664000000 ---p 00000000 00:00 0 
7f2667152000-7f2667155000 ---p 00000000 00:00 0 
7f2667155000-7f2667253000 rw-p 00000000 00:00 0                          [stack:30516]
7f2667253000-7f2667263000 r-xp 00000000 08:07 1335832                    /usr/lib/jvm/java-7-openjdk-amd64/jre/lib/amd64/libnio.so
7f2667263000-7f2667463000 ---p 00010000 08:07 1335832                    /usr/lib/jvm/java-7-openjdk-amd64/jre/lib/amd64/libnio.so
7f2667463000-7f2667464000 r--p 00010000 08:07 1335832                    /usr/lib/jvm/java-7-openjdk-amd64/jre/lib/amd64/libnio.so
7f2667464000-7f2667465000 rw-p 00011000 08:07 1335832                    /usr/lib/jvm/java-7-openjdk-amd64/jre/lib/amd64/libnio.so
7f2667465000-7f26674b6000 r-xp 00000000 08:07 1335842                    /usr/lib/jvm/java-7-openjdk-amd64/jre/lib/amd64/libfontmanager.so
7f26674b6000-7f26676b6000 ---p 00051000 08:07 1335842                    /usr/lib/jvm/java-7-openjdk-amd64/jre/lib/amd64/libfontmanager.so
7f26676b6000-7f26676b9000 r--p 00051000 08:07 1335842                    /usr/lib/jvm/java-7-openjdk-amd64/jre/lib/amd64/libfontmanager.so
7f26676b9000-7f26676ba000 rw-p 00054000 08:07 1335842                    /usr/lib/jvm/java-7-openjdk-amd64/jre/lib/amd64/libfontmanager.so
7f26676ba000-7f26676bd000 ---p 00000000 00:00 0 
7f26676bd000-7f26677bb000 rw-p 00000000 00:00 0                          [stack:30514]
7f26677bb000-7f26677be000 ---p 00000000 00:00 0 
7f26677be000-7f26678bc000 rw-p 00000000 00:00 0                          [stack:30513]
7f26678bc000-7f26678bf000 ---p 00000000 00:00 0 
7f26678bf000-7f26679bd000 rw-p 00000000 00:00 0                          [stack:30512]
7f26679bd000-7f26679c0000 ---p 00000000 00:00 0 
7f26679c0000-7f2667abe000 rw-p 00000000 00:00 0                          [stack:30510]
7f2667abe000-7f2667ac3000 r-xp 00000000 08:07 1316137                    /usr/lib/x86_64-linux-gnu/libXfixes.so.3.1.0
7f2667ac3000-7f2667cc2000 ---p 00005000 08:07 1316137                    /usr/lib/x86_64-linux-gnu/libXfixes.so.3.1.0
7f2667cc2000-7f2667cc3000 r--p 00004000 08:07 1316137                    /usr/lib/x86_64-linux-gnu/libXfixes.so.3.1.0
7f2667cc3000-7f2667cc4000 rw-p 00005000 08:07 1316137                    /usr/lib/x86_64-linux-gnu/libXfixes.so.3.1.0
7f2667cc4000-7f2667ccd000 r-xp 00000000 08:07 1316129                    /usr/lib/x86_64-linux-gnu/libXcursor.so.1.0.2
7f2667ccd000-7f2667ecc000 ---p 00009000 08:07 1316129                    /usr/lib/x86_64-linux-gnu/libXcursor.so.1.0.2
7f2667ecc000-7f2667ecd000 r--p 00008000 08:07 1316129                    /usr/lib/x86_64-linux-gnu/libXcursor.so.1.0.2
7f2667ecd000-7f2667ece000 rw-p 00009000 08:07 1316129                    /usr/lib/x86_64-linux-gnu/libXcursor.so.1.0.2
7f2667ece000-7f2667ed1000 ---p 00000000 00:00 0 
7f2667ed1000-7f2668000000 rw-p 00000000 00:00 0                          [stack:30509]
7f2668000000-7f2668021000 rw-p 00000000 00:00 0 
7f2668021000-7f266c000000 ---p 00000000 00:00 0 
7f266c02f000-7f266c046000 r-xp 00000000 08:07 1335836                    /usr/lib/jvm/java-7-openjdk-amd64/jre/lib/amd64/libnet.so
7f266c046000-7f266c245000 ---p 00017000 08:07 1335836                    /usr/lib/jvm/java-7-openjdk-amd64/jre/lib/amd64/libnet.so
7f266c245000-7f266c246000 r--p 00016000 08:07 1335836                    /usr/lib/jvm/java-7-openjdk-amd64/jre/lib/amd64/libnet.so
7f266c246000-7f266c247000 rw-p 00017000 08:07 1335836                    /usr/lib/jvm/java-7-openjdk-amd64/jre/lib/amd64/libnet.so
7f266c247000-7f266c24b000 r-xp 00000000 08:07 1052456                    /lib/x86_64-linux-gnu/libgpg-error.so.0.10.0
7f266c24b000-7f266c44a000 ---p 00004000 08:07 1052456                    /lib/x86_64-linux-gnu/libgpg-error.so.0.10.0
7f266c44a000-7f266c44b000 r--p 00003000 08:07 1052456                    /lib/x86_64-linux-gnu/libgpg-error.so.0.10.0
7f266c44b000-7f266c44c000 rw-p 00004000 08:07 1052456                    /lib/x86_64-linux-gnu/libgpg-error.so.0.10.0
7f266c44c000-7f266c44e000 r-xp 00000000 08:07 1052466                    /lib/x86_64-linux-gnu/libkeyutils.so.1.4
7f266c44e000-7f266c64e000 ---p 00002000 08:07 1052466                    /lib/x86_64-linux-gnu/libkeyutils.so.1.4
7f266c64e000-7f266c64f000 r--p 00002000 08:07 1052466                    /lib/x86_64-linux-gnu/libkeyutils.so.1.4
7f266c64f000-7f266c650000 rw-p 00003000 08:07 1052466                    /lib/x86_64-linux-gnu/libkeyutils.so.1.4
7f266c650000-7f266c68d000 r-xp 00000000 08:07 1052526                    /lib/x86_64-linux-gnu/libpcre.so.3.13.1
7f266c68d000-7f266c88c000 ---p 0003d000 08:07 1052526                    /lib/x86_64-linux-gnu/libpcre.so.3.13.1
7f266c88c000-7f266c88d000 r--p 0003c000 08:07 1052526                    /lib/x86_64-linux-gnu/libpcre.so.3.13.1
7f266c88d000-7f266c88e000 rw-p 0003d000 08:07 1052526                    /lib/x86_64-linux-gnu/libpcre.so.3.13.1
7f266c88e000-7f266c8b3000 r-xp 00000000 08:07 1052538                    /lib/x86_64-linux-gnu/libpng12.so.0.50.0
7f266c8b3000-7f266cab2000 ---p 00025000 08:07 1052538                    /lib/x86_64-linux-gnu/libpng12.so.0.50.0
7f266cab2000-7f266cab3000 r--p 00024000 08:07 1052538                    /lib/x86_64-linux-gnu/libpng12.so.0.50.0
7f266cab3000-7f266cab4000 rw-p 00025000 08:07 1052538                    /lib/x86_64-linux-gnu/libpng12.so.0.50.0
7f266cab4000-7f266caf8000 r-xp 00000000 08:07 1052721                    /lib/x86_64-linux-gnu/libdbus-1.so.3.7.6
7f266caf8000-7f266ccf7000 ---p 00044000 08:07 1052721                    /lib/x86_64-linux-gnu/libdbus-1.so.3.7.6
7f266ccf7000-7f266ccf8000 r--p 00043000 08:07 1052721                    /lib/x86_64-linux-gnu/libdbus-1.so.3.7.6
7f266ccf8000-7f266ccf9000 rw-p 00044000 08:07 1052721                    /lib/x86_64-linux-gnu/libdbus-1.so.3.7.6
7f266ccf9000-7f266cd34000 r-xp 00000000 08:07 1316849                    /usr/lib/x86_64-linux-gnu/libp11-kit.so.0.0.0
7f266cd34000-7f266cf33000 ---p 0003b000 08:07 1316849                    /usr/lib/x86_64-linux-gnu/libp11-kit.so.0.0.0
7f266cf33000-7f266cf39000 r--p 0003a000 08:07 1316849                    /usr/lib/x86_64-linux-gnu/libp11-kit.so.0.0.0
7f266cf39000-7f266cf3b000 rw-p 00040000 08:07 1316849                    /usr/lib/x86_64-linux-gnu/libp11-kit.so.0.0.0
7f266cf3b000-7f266cf4d000 r-xp 00000000 08:07 1317034                    /usr/lib/x86_64-linux-gnu/libtasn1.so.6.2.0
7f266cf4d000-7f266d14d000 ---p 00012000 08:07 1317034                    /usr/lib/x86_64-linux-gnu/libtasn1.so.6.2.0
7f266d14d000-7f266d14e000 r--p 00012000 08:07 1317034                    /usr/lib/x86_64-linux-gnu/libtasn1.so.6.2.0
7f266d14e000-7f266d14f000 rw-p 00013000 08:07 1317034                    /usr/lib/x86_64-linux-gnu/libtasn1.so.6.2.0
7f266d14f000-7f266d1cb000 r-xp 00000000 08:07 1052718                    /lib/x86_64-linux-gnu/libgcrypt.so.11.8.2
7f266d1cb000-7f266d3ca000 ---p 0007c000 08:07 1052718                    /lib/x86_64-linux-gnu/libgcrypt.so.11.8.2
7f266d3ca000-7f266d3cb000 r--p 0007b000 08:07 1052718                    /lib/x86_64-linux-gnu/libgcrypt.so.11.8.2
7f266d3cb000-7f266d3ce000 rw-p 0007c000 08:07 1052718                    /lib/x86_64-linux-gnu/libgcrypt.so.11.8.2
7f266d3ce000-7f266d3d8000 r-xp 00000000 08:07 1310499                    /usr/lib/x86_64-linux-gnu/libkrb5support.so.0.1
7f266d3d8000-7f266d5d7000 ---p 0000a000 08:07 1310499                    /usr/lib/x86_64-linux-gnu/libkrb5support.so.0.1
7f266d5d7000-7f266d5d8000 r--p 00009000 08:07 1310499                    /usr/lib/x86_64-linux-gnu/libkrb5support.so.0.1
7f266d5d8000-7f266d5d9000 rw-p 0000a000 08:07 1310499                    /usr/lib/x86_64-linux-gnu/libkrb5support.so.0.1
7f266d5d9000-7f266d5dc000 r-xp 00000000 08:07 1052432                    /lib/x86_64-linux-gnu/libcom_err.so.2.1
7f266d5dc000-7f266d7db000 ---p 00003000 08:07 1052432                    /lib/x86_64-linux-gnu/libcom_err.so.2.1
7f266d7db000-7f266d7dc000 r--p 00002000 08:07 1052432                    /lib/x86_64-linux-gnu/libcom_err.so.2.1
7f266d7dc000-7f266d7dd000 rw-p 00003000 08:07 1052432                    /lib/x86_64-linux-gnu/libcom_err.so.2.1
7f266d7dd000-7f266d809000 r-xp 00000000 08:07 1310493                    /usr/lib/x86_64-linux-gnu/libk5crypto.so.3.1
7f266d809000-7f266da08000 ---p 0002c000 08:07 1310493                    /usr/lib/x86_64-linux-gnu/libk5crypto.so.3.1
7f266da08000-7f266da0a000 r--p 0002b000 08:07 1310493                    /usr/lib/x86_64-linux-gnu/libk5crypto.so.3.1
7f266da0a000-7f266da0b000 rw-p 0002d000 08:07 1310493                    /usr/lib/x86_64-linux-gnu/libk5crypto.so.3.1
7f266da0b000-7f266da0c000 rw-p 00000000 00:00 0 
7f266da0c000-7f266dac8000 r-xp 00000000 08:07 1310497                    /usr/lib/x86_64-linux-gnu/libkrb5.so.3.3
7f266dac8000-7f266dcc8000 ---p 000bc000 08:07 1310497                    /usr/lib/x86_64-linux-gnu/libkrb5.so.3.3
7f266dcc8000-7f266dcd5000 r--p 000bc000 08:07 1310497                    /usr/lib/x86_64-linux-gnu/libkrb5.so.3.3
7f266dcd5000-7f266dcd7000 rw-p 000c9000 08:07 1310497                    /usr/lib/x86_64-linux-gnu/libkrb5.so.3.3
7f266dcd7000-7f266dcdc000 r-xp 00000000 08:07 1316133                    /usr/lib/x86_64-linux-gnu/libXdmcp.so.6.0.0
7f266dcdc000-7f266dedb000 ---p 00005000 08:07 1316133                    /usr/lib/x86_64-linux-gnu/libXdmcp.so.6.0.0
7f266dedb000-7f266dedc000 r--p 00004000 08:07 1316133                    /usr/lib/x86_64-linux-gnu/libXdmcp.so.6.0.0
7f266dedc000-7f266dedd000 rw-p 00005000 08:07 1316133                    /usr/lib/x86_64-linux-gnu/libXdmcp.so.6.0.0
7f266dedd000-7f266dedf000 r-xp 00000000 08:07 1316122                    /usr/lib/x86_64-linux-gnu/libXau.so.6.0.0
7f266dedf000-7f266e0df000 ---p 00002000 08:07 1316122                    /usr/lib/x86_64-linux-gnu/libXau.so.6.0.0
7f266e0df000-7f266e0e0000 r--p 00002000 08:07 1316122                    /usr/lib/x86_64-linux-gnu/libXau.so.6.0.0
7f266e0e0000-7f266e0e1000 rw-p 00003000 08:07 1316122                    /usr/lib/x86_64-linux-gnu/libXau.so.6.0.0
7f266e0e1000-7f266e0e8000 r-xp 00000000 08:07 1316400                    /usr/lib/x86_64-linux-gnu/libffi.so.6.0.1
7f266e0e8000-7f266e2e7000 ---p 00007000 08:07 1316400                    /usr/lib/x86_64-linux-gnu/libffi.so.6.0.1
7f266e2e7000-7f266e2e8000 r--p 00006000 08:07 1316400                    /usr/lib/x86_64-linux-gnu/libffi.so.6.0.1
7f266e2e8000-7f266e2e9000 rw-p 00007000 08:07 1316400                    /usr/lib/x86_64-linux-gnu/libffi.so.6.0.1
7f266e2e9000-7f266e300000 r-xp 00000000 08:07 1046538                    /lib/x86_64-linux-gnu/libresolv-2.19.so
7f266e300000-7f266e500000 ---p 00017000 08:07 1046538                    /lib/x86_64-linux-gnu/libresolv-2.19.so
7f266e500000-7f266e501000 r--p 00017000 08:07 1046538                    /lib/x86_64-linux-gnu/libresolv-2.19.so
7f266e501000-7f266e502000 rw-p 00018000 08:07 1046538                    /lib/x86_64-linux-gnu/libresolv-2.19.so
7f266e502000-7f266e504000 rw-p 00000000 00:00 0 
7f266e504000-7f266e524000 r-xp 00000000 08:07 1052553                    /lib/x86_64-linux-gnu/libselinux.so.1
7f266e524000-7f266e723000 ---p 00020000 08:07 1052553                    /lib/x86_64-linux-gnu/libselinux.so.1
7f266e723000-7f266e724000 r--p 0001f000 08:07 1052553                    /lib/x86_64-linux-gnu/libselinux.so.1
7f266e724000-7f266e725000 rw-p 00020000 08:07 1052553                    /lib/x86_64-linux-gnu/libselinux.so.1
7f266e725000-7f266e727000 rw-p 00000000 00:00 0 
7f266e727000-7f266e82d000 r-xp 00000000 08:07 1052291                    /lib/x86_64-linux-gnu/libglib-2.0.so.0.4002.0
7f266e82d000-7f266ea2c000 ---p 00106000 08:07 1052291                    /lib/x86_64-linux-gnu/libglib-2.0.so.0.4002.0
7f266ea2c000-7f266ea2d000 r--p 00105000 08:07 1052291                    /lib/x86_64-linux-gnu/libglib-2.0.so.0.4002.0
7f266ea2d000-7f266ea2e000 rw-p 00106000 08:07 1052291                    /lib/x86_64-linux-gnu/libglib-2.0.so.0.4002.0
7f266ea2e000-7f266ea2f000 rw-p 00000000 00:00 0 
7f266ea2f000-7f266ea56000 r-xp 00000000 08:07 1052445                    /lib/x86_64-linux-gnu/libexpat.so.1.6.0
7f266ea56000-7f266ec56000 ---p 00027000 08:07 1052445                    /lib/x86_64-linux-gnu/libexpat.so.1.6.0
7f266ec56000-7f266ec58000 r--p 00027000 08:07 1052445                    /lib/x86_64-linux-gnu/libexpat.so.1.6.0
7f266ec58000-7f266ec59000 rw-p 00029000 08:07 1052445                    /lib/x86_64-linux-gnu/libexpat.so.1.6.0
7f266ec59000-7f266ecf6000 r-xp 00000000 08:07 1316442                    /usr/lib/x86_64-linux-gnu/libfreetype.so.6.11.1
7f266ecf6000-7f266eef5000 ---p 0009d000 08:07 1316442                    /usr/lib/x86_64-linux-gnu/libfreetype.so.6.11.1
7f266eef5000-7f266eefb000 r--p 0009c000 08:07 1316442                    /usr/lib/x86_64-linux-gnu/libfreetype.so.6.11.1
7f266eefb000-7f266eefc000 rw-p 000a2000 08:07 1316442                    /usr/lib/x86_64-linux-gnu/libfreetype.so.6.11.1
7f266eefc000-7f266ef0b000 r-xp 00000000 08:07 1316226                    /usr/lib/x86_64-linux-gnu/libavahi-client.so.3.2.9
7f266ef0b000-7f266f10b000 ---p 0000f000 08:07 1316226                    /usr/lib/x86_64-linux-gnu/libavahi-client.so.3.2.9
7f266f10b000-7f266f10c000 r--p 0000f000 08:07 1316226                    /usr/lib/x86_64-linux-gnu/libavahi-client.so.3.2.9
7f266f10c000-7f266f10d000 rw-p 00010000 08:07 1316226                    /usr/lib/x86_64-linux-gnu/libavahi-client.so.3.2.9
7f266f10d000-7f266f118000 r-xp 00000000 08:07 1316228                    /usr/lib/x86_64-linux-gnu/libavahi-common.so.3.5.3
7f266f118000-7f266f317000 ---p 0000b000 08:07 1316228                    /usr/lib/x86_64-linux-gnu/libavahi-common.so.3.5.3
7f266f317000-7f266f318000 r--p 0000a000 08:07 1316228                    /usr/lib/x86_64-linux-gnu/libavahi-common.so.3.5.3
7f266f318000-7f266f319000 rw-p 0000b000 08:07 1316228                    /usr/lib/x86_64-linux-gnu/libavahi-common.so.3.5.3
7f266f319000-7f266f3cf000 r-xp 00000000 08:07 1316529                    /usr/lib/x86_64-linux-gnu/libgnutls.so.26.22.6
7f266f3cf000-7f266f5cf000 ---p 000b6000 08:07 1316529                    /usr/lib/x86_64-linux-gnu/libgnutls.so.26.22.6
7f266f5cf000-7f266f5d5000 r--p 000b6000 08:07 1316529                    /usr/lib/x86_64-linux-gnu/libgnutls.so.26.22.6
7f266f5d5000-7f266f5d6000 rw-p 000bc000 08:07 1316529                    /usr/lib/x86_64-linux-gnu/libgnutls.so.26.22.6
7f266f5d6000-7f266f5d7000 rw-p 00000000 00:00 0 
7f266f5d7000-7f266f61a000 r-xp 00000000 08:07 1310495                    /usr/lib/x86_64-linux-gnu/libgssapi_krb5.so.2.2
7f266f61a000-7f266f81a000 ---p 00043000 08:07 1310495                    /usr/lib/x86_64-linux-gnu/libgssapi_krb5.so.2.2
7f266f81a000-7f266f81b000 r--p 00043000 08:07 1310495                    /usr/lib/x86_64-linux-gnu/libgssapi_krb5.so.2.2
7f266f81b000-7f266f81d000 rw-p 00044000 08:07 1310495                    /usr/lib/x86_64-linux-gnu/libgssapi_krb5.so.2.2
7f266f81d000-7f266f83a000 r-xp 00000000 08:07 1317192                    /usr/lib/x86_64-linux-gnu/libxcb.so.1.1.0
7f266f83a000-7f266fa3a000 ---p 0001d000 08:07 1317192                    /usr/lib/x86_64-linux-gnu/libxcb.so.1.1.0
7f266fa3a000-7f266fa3b000 r--p 0001d000 08:07 1317192                    /usr/lib/x86_64-linux-gnu/libxcb.so.1.1.0
7f266fa3b000-7f266fa3c000 rw-p 0001e000 08:07 1317192                    /usr/lib/x86_64-linux-gnu/libxcb.so.1.1.0
7f266fa3c000-7f266fa8b000 r-xp 00000000 08:07 1308542                    /usr/lib/x86_64-linux-gnu/libgobject-2.0.so.0.4002.0
7f266fa8b000-7f266fc8b000 ---p 0004f000 08:07 1308542                    /usr/lib/x86_64-linux-gnu/libgobject-2.0.so.0.4002.0
7f266fc8b000-7f266fc8c000 r--p 0004f000 08:07 1308542                    /usr/lib/x86_64-linux-gnu/libgobject-2.0.so.0.4002.0
7f266fc8c000-7f266fc8d000 rw-p 00050000 08:07 1308542                    /usr/lib/x86_64-linux-gnu/libgobject-2.0.so.0.4002.0
7f266fc8d000-7f266fdf9000 r-xp 00000000 08:07 1308546                    /usr/lib/x86_64-linux-gnu/libgio-2.0.so.0.4002.0
7f266fdf9000-7f266fff8000 ---p 0016c000 08:07 1308546                    /usr/lib/x86_64-linux-gnu/libgio-2.0.so.0.4002.0
7f266fff8000-7f266fffc000 r--p 0016b000 08:07 1308546                    /usr/lib/x86_64-linux-gnu/libgio-2.0.so.0.4002.0
7f266fffc000-7f266fffe000 rw-p 0016f000 08:07 1308546                    /usr/lib/x86_64-linux-gnu/libgio-2.0.so.0.4002.0
7f266fffe000-7f2670000000 rw-p 00000000 00:00 0 
7f2670000000-7f2670196000 rw-p 00000000 00:00 0 
7f2670196000-7f2674000000 ---p 00000000 00:00 0 
7f2674000000-7f2674021000 rw-p 00000000 00:00 0 
7f2674021000-7f2678000000 ---p 00000000 00:00 0 
7f2678000000-7f2678021000 rw-p 00000000 00:00 0 
7f2678021000-7f267c000000 ---p 00000000 00:00 0 
7f267c000000-7f267c164000 rw-p 00000000 00:00 0 
7f267c164000-7f2680000000 ---p 00000000 00:00 0 
7f2680000000-7f2680021000 rw-p 00000000 00:00 0 
7f2680021000-7f2684000000 ---p 00000000 00:00 0 
7f2684000000-7f2684021000 rw-p 00000000 00:00 0 
7f2684021000-7f2688000000 ---p 00000000 00:00 0 
7f2688000000-7f2688021000 rw-p 00000000 00:00 0 
7f2688021000-7f268c000000 ---p 00000000 00:00 0 
7f268c000000-7f268c021000 rw-p 00000000 00:00 0 
7f268c021000-7f2690000000 ---p 00000000 00:00 0 
7f2690000000-7f2690021000 rw-p 00000000 00:00 0 
7f2690021000-7f2694000000 ---p 00000000 00:00 0 
7f2694000000-7f2694021000 rw-p 00000000 00:00 0 
7f2694021000-7f2698000000 ---p 00000000 00:00 0 
7f2698000000-7f2698021000 rw-p 00000000 00:00 0 
7f2698021000-7f269c000000 ---p 00000000 00:00 0 
7f269c001000-7f269c004000 r-xp 00000000 08:07 1308524                    /usr/lib/x86_64-linux-gnu/libgmodule-2.0.so.0.4002.0
7f269c004000-7f269c203000 ---p 00003000 08:07 1308524                    /usr/lib/x86_64-linux-gnu/libgmodule-2.0.so.0.4002.0
7f269c203000-7f269c204000 r--p 00002000 08:07 1308524                    /usr/lib/x86_64-linux-gnu/libgmodule-2.0.so.0.4002.0
7f269c204000-7f269c205000 rw-p 00003000 08:07 1308524                    /usr/lib/x86_64-linux-gnu/libgmodule-2.0.so.0.4002.0
7f269c205000-7f269c23f000 r-xp 00000000 08:07 1316414                    /usr/lib/x86_64-linux-gnu/libfontconfig.so.1.8.0
7f269c23f000-7f269c43e000 ---p 0003a000 08:07 1316414                    /usr/lib/x86_64-linux-gnu/libfontconfig.so.1.8.0
7f269c43e000-7f269c440000 r--p 00039000 08:07 1316414                    /usr/lib/x86_64-linux-gnu/libfontconfig.so.1.8.0
7f269c440000-7f269c441000 rw-p 0003b000 08:07 1316414                    /usr/lib/x86_64-linux-gnu/libfontconfig.so.1.8.0
7f269c441000-7f269c4ad000 r-xp 00000000 08:07 1308825                    /usr/lib/x86_64-linux-gnu/libcups.so.2
7f269c4ad000-7f269c6ad000 ---p 0006c000 08:07 1308825                    /usr/lib/x86_64-linux-gnu/libcups.so.2
7f269c6ad000-7f269c6b4000 r--p 0006c000 08:07 1308825                    /usr/lib/x86_64-linux-gnu/libcups.so.2
7f269c6b4000-7f269c6b5000 rw-p 00073000 08:07 1308825                    /usr/lib/x86_64-linux-gnu/libcups.so.2
7f269c6b5000-7f269c6c4000 r-xp 00000000 08:07 1316143                    /usr/lib/x86_64-linux-gnu/libXi.so.6.1.0
7f269c6c4000-7f269c8c3000 ---p 0000f000 08:07 1316143                    /usr/lib/x86_64-linux-gnu/libXi.so.6.1.0
7f269c8c3000-7f269c8c4000 r--p 0000e000 08:07 1316143                    /usr/lib/x86_64-linux-gnu/libXi.so.6.1.0
7f269c8c4000-7f269c8c5000 rw-p 0000f000 08:07 1316143                    /usr/lib/x86_64-linux-gnu/libXi.so.6.1.0
7f269c8c5000-7f269c8ca000 r-xp 00000000 08:07 1316163                    /usr/lib/x86_64-linux-gnu/libXtst.so.6.1.0
7f269c8ca000-7f269cac9000 ---p 00005000 08:07 1316163                    /usr/lib/x86_64-linux-gnu/libXtst.so.6.1.0
7f269cac9000-7f269caca000 r--p 00004000 08:07 1316163                    /usr/lib/x86_64-linux-gnu/libXtst.so.6.1.0
7f269caca000-7f269cacb000 rw-p 00005000 08:07 1316163                    /usr/lib/x86_64-linux-gnu/libXtst.so.6.1.0
7f269cacb000-7f269cad4000 r-xp 00000000 08:07 1316157                    /usr/lib/x86_64-linux-gnu/libXrender.so.1.3.0
7f269cad4000-7f269ccd3000 ---p 00009000 08:07 1316157                    /usr/lib/x86_64-linux-gnu/libXrender.so.1.3.0
7f269ccd3000-7f269ccd4000 r--p 00008000 08:07 1316157                    /usr/lib/x86_64-linux-gnu/libXrender.so.1.3.0
7f269ccd4000-7f269ccd5000 rw-p 00009000 08:07 1316157                    /usr/lib/x86_64-linux-gnu/libXrender.so.1.3.0
7f269ccd5000-7f269ce05000 r-xp 00000000 08:07 1316118                    /usr/lib/x86_64-linux-gnu/libX11.so.6.3.0
7f269ce05000-7f269d005000 ---p 00130000 08:07 1316118                    /usr/lib/x86_64-linux-gnu/libX11.so.6.3.0
7f269d005000-7f269d006000 r--p 00130000 08:07 1316118                    /usr/lib/x86_64-linux-gnu/libX11.so.6.3.0
7f269d006000-7f269d00a000 rw-p 00131000 08:07 1316118                    /usr/lib/x86_64-linux-gnu/libX11.so.6.3.0
7f269d00a000-7f269d01b000 r-xp 00000000 08:07 1316135                    /usr/lib/x86_64-linux-gnu/libXext.so.6.4.0
7f269d01b000-7f269d21a000 ---p 00011000 08:07 1316135                    /usr/lib/x86_64-linux-gnu/libXext.so.6.4.0
7f269d21a000-7f269d21b000 r--p 00010000 08:07 1316135                    /usr/lib/x86_64-linux-gnu/libXext.so.6.4.0
7f269d21b000-7f269d21c000 rw-p 00011000 08:07 1316135                    /usr/lib/x86_64-linux-gnu/libXext.so.6.4.0
7f269d240000-7f269d288000 r-xp 00000000 08:07 1335775                    /usr/lib/jvm/java-7-openjdk-amd64/jre/lib/amd64/xawt/libmawt.so
7f269d288000-7f269d487000 ---p 00048000 08:07 1335775                    /usr/lib/jvm/java-7-openjdk-amd64/jre/lib/amd64/xawt/libmawt.so
7f269d487000-7f269d488000 r--p 00047000 08:07 1335775                    /usr/lib/jvm/java-7-openjdk-amd64/jre/lib/amd64/xawt/libmawt.so
7f269d488000-7f269d48b000 rw-p 00048000 08:07 1335775                    /usr/lib/jvm/java-7-openjdk-amd64/jre/lib/amd64/xawt/libmawt.so
7f269d48b000-7f269d48c000 rw-p 00000000 00:00 0 
7f269d48c000-7f269d52c000 r-xp 00000000 08:07 1335846                    /usr/lib/jvm/java-7-openjdk-amd64/jre/lib/amd64/libawt.so
7f269d52c000-7f269d72c000 ---p 000a0000 08:07 1335846                    /usr/lib/jvm/java-7-openjdk-amd64/jre/lib/amd64/libawt.so
7f269d72c000-7f269d72d000 r--p 000a0000 08:07 1335846                    /usr/lib/jvm/java-7-openjdk-amd64/jre/lib/amd64/libawt.so
7f269d72d000-7f269d738000 rw-p 000a1000 08:07 1335846                    /usr/lib/jvm/java-7-openjdk-amd64/jre/lib/amd64/libawt.so
7f269d738000-7f269d75d000 rw-p 00000000 00:00 0 
7f269d75d000-7f269d75e000 ---p 00000000 00:00 0 
7f269d75e000-7f269d85e000 rw-p 00000000 00:00 0                          [stack:30508]
7f269d85e000-7f269d861000 ---p 00000000 00:00 0 
7f269d861000-7f269d95f000 rw-p 00000000 00:00 0                          [stack:30507]
7f269d95f000-7f269d962000 ---p 00000000 00:00 0 
7f269d962000-7f269da60000 rw-p 00000000 00:00 0                          [stack:30506]
7f269da60000-7f269da63000 ---p 00000000 00:00 0 
7f269da63000-7f269db61000 rw-p 00000000 00:00 0                          [stack:30505]
7f269db61000-7f269db64000 ---p 00000000 00:00 0 
7f269db64000-7f269dc62000 rw-p 00000000 00:00 0                          [stack:30504]
7f269dc62000-7f269e344000 r--p 00000000 08:07 1314467                    /usr/lib/locale/locale-archive
7f269e344000-7f269e347000 ---p 00000000 00:00 0 
7f269e347000-7f269e445000 rw-p 00000000 00:00 0                          [stack:30503]
7f269e445000-7f269e448000 ---p 00000000 00:00 0 
7f269e448000-7f269e546000 rw-p 00000000 00:00 0                          [stack:30502]
7f269e546000-7f269e547000 ---p 00000000 00:00 0 
7f269e547000-7f269f644000 rw-p 00000000 00:00 0                          [stack:30501]
7f269f644000-7f269f7f6000 r--s 01d23000 08:07 1335805                    /usr/lib/jvm/java-7-openjdk-amd64/jre/lib/rt.jar
7f269f7f6000-7f26a40c1000 rw-p 00000000 00:00 0 
7f26a40c1000-7f26a40c2000 ---p 00000000 00:00 0 
7f26a40c2000-7f26a41c2000 rw-p 00000000 00:00 0                          [stack:30498]
7f26a41c2000-7f26a41c3000 ---p 00000000 00:00 0 
7f26a41c3000-7f26a42c3000 rw-p 00000000 00:00 0                          [stack:30496]
7f26a42c3000-7f26a42c4000 ---p 00000000 00:00 0 
7f26a42c4000-7f26a43c4000 rw-p 00000000 00:00 0                          [stack:30494]
7f26a43c4000-7f26a43c5000 ---p 00000000 00:00 0 
7f26a43c5000-7f26a44d0000 rw-p 00000000 00:00 0                          [stack:30493]
7f26a44d0000-7f26a4518000 rw-p 00000000 00:00 0 
7f26a4518000-7f26a4542000 rw-p 00000000 00:00 0 
7f26a4542000-7f26a47b0000 rw-p 00000000 00:00 0 
7f26a47b0000-7f26a47bb000 rw-p 00000000 00:00 0 
7f26a47bb000-7f26a4803000 rw-p 00000000 00:00 0 
7f26a4803000-7f26a482d000 rw-p 00000000 00:00 0 
7f26a482d000-7f26a4a9b000 rw-p 00000000 00:00 0 
7f26a4a9b000-7f26a4ab0000 rw-p 00000000 00:00 0 
7f26a4ab0000-7f26a4be7000 rw-p 00000000 00:00 0 
7f26a4be7000-7f26a4be8000 rw-p 00000000 00:00 0 
7f26a4be8000-7f26a4e58000 rwxp 00000000 00:00 0 
7f26a4e58000-7f26a7be8000 rw-p 00000000 00:00 0 
7f26a7be8000-7f26a7bf3000 r-xp 00000000 08:07 1046626                    /lib/x86_64-linux-gnu/libnss_files-2.19.so
7f26a7bf3000-7f26a7df2000 ---p 0000b000 08:07 1046626                    /lib/x86_64-linux-gnu/libnss_files-2.19.so
7f26a7df2000-7f26a7df3000 r--p 0000a000 08:07 1046626                    /lib/x86_64-linux-gnu/libnss_files-2.19.so
7f26a7df3000-7f26a7df4000 rw-p 0000b000 08:07 1046626                    /lib/x86_64-linux-gnu/libnss_files-2.19.so
7f26a7df4000-7f26a7dff000 r-xp 00000000 08:07 1046633                    /lib/x86_64-linux-gnu/libnss_nis-2.19.so
7f26a7dff000-7f26a7ffe000 ---p 0000b000 08:07 1046633                    /lib/x86_64-linux-gnu/libnss_nis-2.19.so
7f26a7ffe000-7f26a7fff000 r--p 0000a000 08:07 1046633                    /lib/x86_64-linux-gnu/libnss_nis-2.19.so
7f26a7fff000-7f26a8000000 rw-p 0000b000 08:07 1046633                    /lib/x86_64-linux-gnu/libnss_nis-2.19.so
7f26a8000000-7f26a825d000 rw-p 00000000 00:00 0 
7f26a825d000-7f26ac000000 ---p 00000000 00:00 0 
7f26ac001000-7f26ac009000 r-xp 00000000 08:07 1335860                    /usr/lib/jvm/java-7-openjdk-amd64/jre/lib/amd64/libzip.so
7f26ac009000-7f26ac208000 ---p 00008000 08:07 1335860                    /usr/lib/jvm/java-7-openjdk-amd64/jre/lib/amd64/libzip.so
7f26ac208000-7f26ac209000 r--p 00007000 08:07 1335860                    /usr/lib/jvm/java-7-openjdk-amd64/jre/lib/amd64/libzip.so
7f26ac209000-7f26ac20a000 rw-p 00008000 08:07 1335860                    /usr/lib/jvm/java-7-openjdk-amd64/jre/lib/amd64/libzip.so
7f26ac20a000-7f26ac221000 r-xp 00000000 08:07 1046559                    /lib/x86_64-linux-gnu/libnsl-2.19.so
7f26ac221000-7f26ac420000 ---p 00017000 08:07 1046559                    /lib/x86_64-linux-gnu/libnsl-2.19.so
7f26ac420000-7f26ac421000 r--p 00016000 08:07 1046559                    /lib/x86_64-linux-gnu/libnsl-2.19.so
7f26ac421000-7f26ac422000 rw-p 00017000 08:07 1046559                    /lib/x86_64-linux-gnu/libnsl-2.19.so
7f26ac422000-7f26ac424000 rw-p 00000000 00:00 0 
7f26ac424000-7f26ac42d000 r-xp 00000000 08:07 1046630                    /lib/x86_64-linux-gnu/libnss_compat-2.19.so
7f26ac42d000-7f26ac62c000 ---p 00009000 08:07 1046630                    /lib/x86_64-linux-gnu/libnss_compat-2.19.so
7f26ac62c000-7f26ac62d000 r--p 00008000 08:07 1046630                    /lib/x86_64-linux-gnu/libnss_compat-2.19.so
7f26ac62d000-7f26ac62e000 rw-p 00009000 08:07 1046630                    /lib/x86_64-linux-gnu/libnss_compat-2.19.so
7f26ac62e000-7f26ac659000 r-xp 00000000 08:07 1335845                    /usr/lib/jvm/java-7-openjdk-amd64/jre/lib/amd64/libjava.so
7f26ac659000-7f26ac859000 ---p 0002b000 08:07 1335845                    /usr/lib/jvm/java-7-openjdk-amd64/jre/lib/amd64/libjava.so
7f26ac859000-7f26ac85a000 r--p 0002b000 08:07 1335845                    /usr/lib/jvm/java-7-openjdk-amd64/jre/lib/amd64/libjava.so
7f26ac85a000-7f26ac85c000 rw-p 0002c000 08:07 1335845                    /usr/lib/jvm/java-7-openjdk-amd64/jre/lib/amd64/libjava.so
7f26ac85c000-7f26ac86c000 r-xp 00000000 08:07 1335844                    /usr/lib/jvm/java-7-openjdk-amd64/jre/lib/amd64/libverify.so
7f26ac86c000-7f26aca6b000 ---p 00010000 08:07 1335844                    /usr/lib/jvm/java-7-openjdk-amd64/jre/lib/amd64/libverify.so
7f26aca6b000-7f26aca6d000 r--p 0000f000 08:07 1335844                    /usr/lib/jvm/java-7-openjdk-amd64/jre/lib/amd64/libverify.so
7f26aca6d000-7f26aca6e000 rw-p 00011000 08:07 1335844                    /usr/lib/jvm/java-7-openjdk-amd64/jre/lib/amd64/libverify.so
7f26aca6e000-7f26aca75000 r-xp 00000000 08:07 1046636                    /lib/x86_64-linux-gnu/librt-2.19.so
7f26aca75000-7f26acc74000 ---p 00007000 08:07 1046636                    /lib/x86_64-linux-gnu/librt-2.19.so
7f26acc74000-7f26acc75000 r--p 00006000 08:07 1046636                    /lib/x86_64-linux-gnu/librt-2.19.so
7f26acc75000-7f26acc76000 rw-p 00007000 08:07 1046636                    /lib/x86_64-linux-gnu/librt-2.19.so
7f26acc76000-7f26acc8c000 r-xp 00000000 08:07 1052709                    /lib/x86_64-linux-gnu/libgcc_s.so.1
7f26acc8c000-7f26ace8b000 ---p 00016000 08:07 1052709                    /lib/x86_64-linux-gnu/libgcc_s.so.1
7f26ace8b000-7f26ace8c000 rw-p 00015000 08:07 1052709                    /lib/x86_64-linux-gnu/libgcc_s.so.1
7f26ace8c000-7f26acf91000 r-xp 00000000 08:07 1046552                    /lib/x86_64-linux-gnu/libm-2.19.so
7f26acf91000-7f26ad190000 ---p 00105000 08:07 1046552                    /lib/x86_64-linux-gnu/libm-2.19.so
7f26ad190000-7f26ad191000 r--p 00104000 08:07 1046552                    /lib/x86_64-linux-gnu/libm-2.19.so
7f26ad191000-7f26ad192000 rw-p 00105000 08:07 1046552                    /lib/x86_64-linux-gnu/libm-2.19.so
7f26ad192000-7f26ad278000 r-xp 00000000 08:07 1317028                    /usr/lib/x86_64-linux-gnu/libstdc++.so.6.0.19
7f26ad278000-7f26ad477000 ---p 000e6000 08:07 1317028                    /usr/lib/x86_64-linux-gnu/libstdc++.so.6.0.19
7f26ad477000-7f26ad47f000 r--p 000e5000 08:07 1317028                    /usr/lib/x86_64-linux-gnu/libstdc++.so.6.0.19
7f26ad47f000-7f26ad481000 rw-p 000ed000 08:07 1317028                    /usr/lib/x86_64-linux-gnu/libstdc++.so.6.0.19
7f26ad481000-7f26ad496000 rw-p 00000000 00:00 0 
7f26ad496000-7f26adfae000 r-xp 00000000 08:07 1335849                    /usr/lib/jvm/java-7-openjdk-amd64/jre/lib/amd64/server/libjvm.so
7f26adfae000-7f26ae1ae000 ---p 00b18000 08:07 1335849                    /usr/lib/jvm/java-7-openjdk-amd64/jre/lib/amd64/server/libjvm.so
7f26ae1ae000-7f26ae248000 r--p 00b18000 08:07 1335849                    /usr/lib/jvm/java-7-openjdk-amd64/jre/lib/amd64/server/libjvm.so
7f26ae248000-7f26ae26b000 rw-p 00bb2000 08:07 1335849                    /usr/lib/jvm/java-7-openjdk-amd64/jre/lib/amd64/server/libjvm.so
7f26ae26b000-7f26ae299000 rw-p 00000000 00:00 0 
7f26ae299000-7f26ae2b1000 r-xp 00000000 08:07 1052586                    /lib/x86_64-linux-gnu/libz.so.1.2.8
7f26ae2b1000-7f26ae4b0000 ---p 00018000 08:07 1052586                    /lib/x86_64-linux-gnu/libz.so.1.2.8
7f26ae4b0000-7f26ae4b1000 r--p 00017000 08:07 1052586                    /lib/x86_64-linux-gnu/libz.so.1.2.8
7f26ae4b1000-7f26ae4b2000 rw-p 00018000 08:07 1052586                    /lib/x86_64-linux-gnu/libz.so.1.2.8
7f26ae4b2000-7f26ae4cb000 r-xp 00000000 08:07 1046623                    /lib/x86_64-linux-gnu/libpthread-2.19.so
7f26ae4cb000-7f26ae6ca000 ---p 00019000 08:07 1046623                    /lib/x86_64-linux-gnu/libpthread-2.19.so
7f26ae6ca000-7f26ae6cb000 r--p 00018000 08:07 1046623                    /lib/x86_64-linux-gnu/libpthread-2.19.so
7f26ae6cb000-7f26ae6cc000 rw-p 00019000 08:07 1046623                    /lib/x86_64-linux-gnu/libpthread-2.19.so
7f26ae6cc000-7f26ae6d0000 rw-p 00000000 00:00 0 
7f26ae6d0000-7f26ae6d3000 r-xp 00000000 08:07 1046628                    /lib/x86_64-linux-gnu/libdl-2.19.so
7f26ae6d3000-7f26ae8d2000 ---p 00003000 08:07 1046628                    /lib/x86_64-linux-gnu/libdl-2.19.so
7f26ae8d2000-7f26ae8d3000 r--p 00002000 08:07 1046628                    /lib/x86_64-linux-gnu/libdl-2.19.so
7f26ae8d3000-7f26ae8d4000 rw-p 00003000 08:07 1046628                    /lib/x86_64-linux-gnu/libdl-2.19.so
7f26ae8d4000-7f26aea8f000 r-xp 00000000 08:07 1046634                    /lib/x86_64-linux-gnu/libc-2.19.so
7f26aea8f000-7f26aec8f000 ---p 001bb000 08:07 1046634                    /lib/x86_64-linux-gnu/libc-2.19.so
7f26aec8f000-7f26aec93000 r--p 001bb000 08:07 1046634                    /lib/x86_64-linux-gnu/libc-2.19.so
7f26aec93000-7f26aec95000 rw-p 001bf000 08:07 1046634                    /lib/x86_64-linux-gnu/libc-2.19.so
7f26aec95000-7f26aec9a000 rw-p 00000000 00:00 0 
7f26aec9a000-7f26aeca7000 r-xp 00000000 08:07 1335828                    /usr/lib/jvm/java-7-openjdk-amd64/jre/lib/amd64/jli/libjli.so
7f26aeca7000-7f26aeea6000 ---p 0000d000 08:07 1335828                    /usr/lib/jvm/java-7-openjdk-amd64/jre/lib/amd64/jli/libjli.so
7f26aeea6000-7f26aeea7000 r--p 0000c000 08:07 1335828                    /usr/lib/jvm/java-7-openjdk-amd64/jre/lib/amd64/jli/libjli.so
7f26aeea7000-7f26aeea8000 rw-p 0000d000 08:07 1335828                    /usr/lib/jvm/java-7-openjdk-amd64/jre/lib/amd64/jli/libjli.so
7f26aeea8000-7f26aeecb000 r-xp 00000000 08:07 1046631                    /lib/x86_64-linux-gnu/ld-2.19.so
7f26aeed5000-7f26aeede000 r--s 000b9000 08:07 1335807                    /usr/lib/jvm/java-7-openjdk-amd64/jre/lib/resources.jar
7f26aeede000-7f26aeee8000 rw-p 00000000 00:00 0 
7f26aeee8000-7f26aef9e000 rw-p 00000000 00:00 0 
7f26aef9e000-7f26aefa1000 ---p 00000000 00:00 0 
7f26aefa1000-7f26af0a4000 rw-p 00000000 00:00 0                          [stack:30492]
7f26af0ab000-7f26af0ad000 r--s 00012000 08:07 1335811                    /usr/lib/jvm/java-7-openjdk-amd64/jre/lib/ext/zipfs.jar
7f26af0ad000-7f26af0af000 r--s 00006000 08:07 1708104                    /usr/share/java/java-atk-wrapper.jar
7f26af0af000-7f26af0b2000 r--s 00086000 08:07 1335813                    /usr/lib/jvm/java-7-openjdk-amd64/jre/lib/ext/localedata.jar
7f26af0b2000-7f26af0b3000 r--s 00002000 08:07 1335812                    /usr/lib/jvm/java-7-openjdk-amd64/jre/lib/ext/dnsns.jar
7f26af0b3000-7f26af0b7000 r--s 00034000 08:07 1335810                    /usr/lib/jvm/java-7-openjdk-amd64/jre/lib/ext/sunjce_provider.jar
7f26af0b7000-7f26af0ba000 r--s 0000f000 08:07 1335808                    /usr/lib/jvm/java-7-openjdk-amd64/jre/lib/ext/icedtea-sound.jar
7f26af0ba000-7f26af0be000 r--s 0003c000 08:07 1335809                    /usr/lib/jvm/java-7-openjdk-amd64/jre/lib/ext/sunpkcs11.jar
7f26af0be000-7f26af0c6000 rw-s 00000000 08:07 793155                     /tmp/hsperfdata_ladu/30490
7f26af0c6000-7f26af0c7000 rw-p 00000000 00:00 0 
7f26af0c7000-7f26af0c8000 r--p 00000000 00:00 0 
7f26af0c8000-7f26af0ca000 rw-p 00000000 00:00 0 
7f26af0ca000-7f26af0cb000 r--p 00022000 08:07 1046631                    /lib/x86_64-linux-gnu/ld-2.19.so
7f26af0cb000-7f26af0cc000 rw-p 00023000 08:07 1046631                    /lib/x86_64-linux-gnu/ld-2.19.so
7f26af0cc000-7f26af0cd000 rw-p 00000000 00:00 0 
7fffdcd69000-7fffdcd8a000 rw-p 00000000 00:00 0                          [stack]
7fffdcdfe000-7fffdce00000 r-xp 00000000 00:00 0                          [vdso]
ffffffffff600000-ffffffffff601000 r-xp 00000000 00:00 0                  [vsyscall]

VM Arguments:
jvm_args: -Djava.security.policy=java.policy.applet -Dfile.encoding=UTF-8 
java_command: sun.applet.AppletViewer bulletmaster.StartingClass1423464739557.html
Launcher Type: SUN_STANDARD

Environment Variables:
PATH=/usr/local/sbin:/usr/local/bin:/usr/sbin:/usr/bin:/sbin:/bin:/usr/games:/usr/local/games
SHELL=/bin/bash
DISPLAY=:0

Signal Handlers:
SIGSEGV: [libjvm.so+0x94b4b0], sa_mask[0]=0x7ffbfeff, sa_flags=0x10000004
SIGBUS: [libjvm.so+0x94b4b0], sa_mask[0]=0x7ffbfeff, sa_flags=0x10000004
SIGFPE: [libjvm.so+0x7c3390], sa_mask[0]=0x7ffbfeff, sa_flags=0x10000004
SIGPIPE: [libjvm.so+0x7c3390], sa_mask[0]=0x7ffbfeff, sa_flags=0x10000004
SIGXFSZ: [libjvm.so+0x7c3390], sa_mask[0]=0x7ffbfeff, sa_flags=0x10000004
SIGILL: [libjvm.so+0x7c3390], sa_mask[0]=0x7ffbfeff, sa_flags=0x10000004
SIGUSR1: SIG_DFL, sa_mask[0]=0x00000000, sa_flags=0x00000000
SIGUSR2: [libjvm.so+0x7c3230], sa_mask[0]=0x00000004, sa_flags=0x10000004
SIGHUP: [libjvm.so+0x7c3410], sa_mask[0]=0x7ffbfeff, sa_flags=0x10000004
SIGINT: [libjvm.so+0x7c3410], sa_mask[0]=0x7ffbfeff, sa_flags=0x10000004
SIGTERM: [libjvm.so+0x7c3410], sa_mask[0]=0x7ffbfeff, sa_flags=0x10000004
SIGQUIT: [libjvm.so+0x7c3410], sa_mask[0]=0x7ffbfeff, sa_flags=0x10000004
SIGTRAP: SIG_DFL, sa_mask[0]=0x00000000, sa_flags=0x00000000


---------------  S Y S T E M  ---------------

OS:Ubuntu 14.04 (trusty)
uname:Linux 3.13.0-43-generic #72-Ubuntu SMP Mon Dec 8 19:35:06 UTC 2014 x86_64
libc:glibc 2.19 NPTL 2.19 
rlimit: STACK 8192k, CORE 0k, NPROC 63565, NOFILE 4096, AS infinity
load average:0.59 0.67 0.83

/proc/meminfo:
MemTotal:        8157992 kB
MemFree:         3192536 kB
Buffers:          295400 kB
Cached:          1703468 kB
SwapCached:            0 kB
Active:          3333876 kB
Inactive:        1230464 kB
Active(anon):    2566572 kB
Inactive(anon):   103252 kB
Active(file):     767304 kB
Inactive(file):  1127212 kB
Unevictable:          48 kB
Mlocked:              48 kB
SwapTotal:       1951860 kB
SwapFree:        1951860 kB
Dirty:                60 kB
Writeback:             0 kB
AnonPages:       2557128 kB
Mapped:           353244 kB
Shmem:            104808 kB
Slab:             193248 kB
SReclaimable:     136804 kB
SUnreclaim:        56444 kB
KernelStack:        6464 kB
PageTables:        53256 kB
NFS_Unstable:          0 kB
Bounce:                0 kB
WritebackTmp:          0 kB
CommitLimit:     6030856 kB
Committed_AS:    8030516 kB
VmallocTotal:   34359738367 kB
VmallocUsed:      126388 kB
VmallocChunk:   34359553748 kB
HardwareCorrupted:     0 kB
AnonHugePages:   1112064 kB
HugePages_Total:       0
HugePages_Free:        0
HugePages_Rsvd:        0
HugePages_Surp:        0
Hugepagesize:       2048 kB
DirectMap4k:       87676 kB
DirectMap2M:     8282112 kB


CPU:total 4 (4 cores per cpu, 1 threads per core) family 6 model 42 stepping 7, cmov, cx8, fxsr, mmx, sse, sse2, sse3, ssse3, sse4.1, sse4.2, popcnt, avx, aes, tsc, tscinvbit

/proc/cpuinfo:
processor	: 0
vendor_id	: GenuineIntel
cpu family	: 6
model		: 42
model name	: Intel(R) Core(TM) i5-2500K CPU @ 3.30GHz
stepping	: 7
microcode	: 0x14
cpu MHz		: 3301.000
cache size	: 6144 KB
physical id	: 0
siblings	: 4
core id		: 0
cpu cores	: 4
apicid		: 0
initial apicid	: 0
fpu		: yes
fpu_exception	: yes
cpuid level	: 13
wp		: yes
flags		: fpu vme de pse tsc msr pae mce cx8 apic sep mtrr pge mca cmov pat pse36 clflush dts acpi mmx fxsr sse sse2 ss ht tm pbe syscall nx rdtscp lm constant_tsc arch_perfmon pebs bts rep_good nopl xtopology nonstop_tsc aperfmperf eagerfpu pni pclmulqdq dtes64 monitor ds_cpl vmx est tm2 ssse3 cx16 xtpr pdcm pcid sse4_1 sse4_2 popcnt tsc_deadline_timer aes xsave avx lahf_lm ida arat epb xsaveopt pln pts dtherm tpr_shadow vnmi flexpriority ept vpid
bogomips	: 6621.83
clflush size	: 64
cache_alignment	: 64
address sizes	: 36 bits physical, 48 bits virtual
power management:

processor	: 1
vendor_id	: GenuineIntel
cpu family	: 6
model		: 42
model name	: Intel(R) Core(TM) i5-2500K CPU @ 3.30GHz
stepping	: 7
microcode	: 0x14
cpu MHz		: 3301.000
cache size	: 6144 KB
physical id	: 0
siblings	: 4
core id		: 1
cpu cores	: 4
apicid		: 2
initial apicid	: 2
fpu		: yes
fpu_exception	: yes
cpuid level	: 13
wp		: yes
flags		: fpu vme de pse tsc msr pae mce cx8 apic sep mtrr pge mca cmov pat pse36 clflush dts acpi mmx fxsr sse sse2 ss ht tm pbe syscall nx rdtscp lm constant_tsc arch_perfmon pebs bts rep_good nopl xtopology nonstop_tsc aperfmperf eagerfpu pni pclmulqdq dtes64 monitor ds_cpl vmx est tm2 ssse3 cx16 xtpr pdcm pcid sse4_1 sse4_2 popcnt tsc_deadline_timer aes xsave avx lahf_lm ida arat epb xsaveopt pln pts dtherm tpr_shadow vnmi flexpriority ept vpid
bogomips	: 6621.83
clflush size	: 64
cache_alignment	: 64
address sizes	: 36 bits physical, 48 bits virtual
power management:

processor	: 2
vendor_id	: GenuineIntel
cpu family	: 6
model		: 42
model name	: Intel(R) Core(TM) i5-2500K CPU @ 3.30GHz
stepping	: 7
microcode	: 0x14
cpu MHz		: 3301.000
cache size	: 6144 KB
physical id	: 0
siblings	: 4
core id		: 2
cpu cores	: 4
apicid		: 4
initial apicid	: 4
fpu		: yes
fpu_exception	: yes
cpuid level	: 13
wp		: yes
flags		: fpu vme de pse tsc msr pae mce cx8 apic sep mtrr pge mca cmov pat pse36 clflush dts acpi mmx fxsr sse sse2 ss ht tm pbe syscall nx rdtscp lm constant_tsc arch_perfmon pebs bts rep_good nopl xtopology nonstop_tsc aperfmperf eagerfpu pni pclmulqdq dtes64 monitor ds_cpl vmx est tm2 ssse3 cx16 xtpr pdcm pcid sse4_1 sse4_2 popcnt tsc_deadline_timer aes xsave avx lahf_lm ida arat epb xsaveopt pln pts dtherm tpr_shadow vnmi flexpriority ept vpid
bogomips	: 6621.83
clflush size	: 64
cache_alignment	: 64
address sizes	: 36 bits physical, 48 bits virtual
power management:

processor	: 3
vendor_id	: GenuineIntel
cpu family	: 6
model		: 42
model name	: Intel(R) Core(TM) i5-2500K CPU @ 3.30GHz
stepping	: 7
microcode	: 0x14
cpu MHz		: 3301.000
cache size	: 6144 KB
physical id	: 0
siblings	: 4
core id		: 3
cpu cores	: 4
apicid		: 6
initial apicid	: 6
fpu		: yes
fpu_exception	: yes
cpuid level	: 13
wp		: yes
flags		: fpu vme de pse tsc msr pae mce cx8 apic sep mtrr pge mca cmov pat pse36 clflush dts acpi mmx fxsr sse sse2 ss ht tm pbe syscall nx rdtscp lm constant_tsc arch_perfmon pebs bts rep_good nopl xtopology nonstop_tsc aperfmperf eagerfpu pni pclmulqdq dtes64 monitor ds_cpl vmx est tm2 ssse3 cx16 xtpr pdcm pcid sse4_1 sse4_2 popcnt tsc_deadline_timer aes xsave avx lahf_lm ida arat epb xsaveopt pln pts dtherm tpr_shadow vnmi flexpriority ept vpid
bogomips	: 6621.83
clflush size	: 64
cache_alignment	: 64
address sizes	: 36 bits physical, 48 bits virtual
power management:



Memory: 4k page, physical 8157992k(3192536k free), swap 1951860k(1951860k free)

vm_info: OpenJDK 64-Bit Server VM (24.75-b04) for linux-amd64 JRE (1.7.0_75-b13), built on Jan 27 2015 00:38:59 by "buildd" with gcc 4.8.2

time: Mon Feb  9 00:31:43 2015
elapsed time: 5963 seconds

